<?xml version="1.0" encoding="UTF-8"?>
<!-- Generated by org.testng.reporters.JUnitXMLReporter -->
<testsuite hostname="DESKTOP-MA00OC7" ignored="0" name="Test" tests="3" failures="0" timestamp="2020-09-25T15:18:56 EDT" time="101.39" errors="0">
  <testcase name="totalValidation" time="46.834" classname="MavenTutorial.AppiumFramework.EcommerceTest"/>
  <testcase name="ApiDemos" time="24.701" classname="MavenTutorial.AppiumFramework.ApiDemosTest"/>
  <testcase name="ApiDemos" time="26.729" classname="MavenTutorial.AppiumFramework.ApiDemosTest"/>
</testsuite> <!-- Test -->
