<?xml version="1.0" encoding="UTF-8"?>
<!-- Generated by org.testng.reporters.JUnitXMLReporter -->
<testsuite hostname="DESKTOP-MA00OC7" ignored="0" name="Test" tests="3" failures="0" timestamp="2020-09-25T15:39:19 EDT" time="94.044" errors="0">
  <testcase name="totalValidation" time="43.659" classname="MavenTutorial.AppiumFramework.EcommerceTest"/>
  <testcase name="ApiDemos" time="23.224" classname="MavenTutorial.AppiumFramework.ApiDemosTest"/>
  <testcase name="ApiDemos" time="24.102" classname="MavenTutorial.AppiumFramework.ApiDemosTest"/>
</testsuite> <!-- Test -->
