<?xml version="1.0" encoding="UTF-8"?>
<testsuite xmlns:xsi="http://www.w3.org/2001/XMLSchema-instance" xsi:noNamespaceSchemaLocation="https://maven.apache.org/surefire/maven-surefire-plugin/xsd/surefire-test-report-3.0.xsd" version="3.0" name="TestSuite" time="94.78" tests="3" errors="0" skipped="0" failures="0">
  <properties>
[...]
</properties>
  <testcase name="totalValidation" classname="MavenTutorial.AppiumFramework.EcommerceTest" time="44.045">
    <system-out><![CDATA[&amp#27;[35m[Appium]&amp#27;[39m Welcome to Appium v1.17.1
&amp#27;[35m[Appium]&amp#27;[39m Appium REST http interface listener started on 0.0.0.0:4723
&amp#27;[35m[HTTP]&amp#27;[39m &amp#27;[37m-->&amp#27;[39m &amp#27;[37mGET&amp#27;[39m &amp#27;[37m/wd/hub/status&amp#27;[39m
&amp#27;[35m[HTTP]&amp#27;[39m &amp#27;[90m{}&amp#27;[39m
[debug] &amp#27;[35m[GENERIC]&amp#27;[39m Calling AppiumDriver.getStatus() with args: []
[debug] &amp#27;[35m[GENERIC]&amp#27;[39m Responding to client with driver.getStatus() result: {"build":{"version":"1.17.1"}}
&amp#27;[35m[HTTP]&amp#27;[39m &amp#27;[37m<-- GET /wd/hub/status &amp#27;[39m&amp#27;[32m200&amp#27;[39m &amp#27;[90m9 ms - 68&amp#27;[39m
&amp#27;[35m[HTTP]&amp#27;[39m &amp#27;[90m&amp#27;[39m
&amp#27;[35m[HTTP]&amp#27;[39m &amp#27;[37m-->&amp#27;[39m &amp#27;[37mPOST&amp#27;[39m &amp#27;[37m/wd/hub/session&amp#27;[39m
&amp#27;[35m[HTTP]&amp#27;[39m &amp#27;[90m{"desiredCapabilities":{"app":"C:\\Users\\tina_\\eclipse-workspace\\AppiumFramework\\src\\General-Store.apk","automationName":"uiautomator2","platformName":"Android","deviceName":"TinasPixel"},"capabilities":{"firstMatch":[{"appium:app":"C:\\Users\\tina_\\eclipse-workspace\\AppiumFramework\\src\\General-Store.apk","appium:automationName":"uiautomator2","appium:deviceName":"TinasPixel","platformName":"android"}]}}&amp#27;[39m
[debug] &amp#27;[35m[W3C]&amp#27;[39m Calling AppiumDriver.createSession() with args: [{"app":"C:\\Users\\tina_\\eclipse-workspace\\AppiumFramework\\src\\General-Store.apk","automationName":"uiautomator2","platformName":"Android","deviceName":"TinasPixel"},null,{"firstMatch":[{"appium:app":"C:\\Users\\tina_\\eclipse-workspace\\AppiumFramework\\src\\General-Store.apk","appium:automationName":"uiautomator2","appium:deviceName":"TinasPixel","platformName":"android"}]}]
[debug] &amp#27;[35m[BaseDriver]&amp#27;[39m Event 'newSessionRequested' logged at 1601062671977 (15:37:51 GMT-0400 (Eastern Daylight Time))
&amp#27;[35m[Appium]&amp#27;[39m Appium v1.17.1 creating new AndroidUiautomator2Driver (v1.44.2) session
[debug] &amp#27;[35m[BaseDriver]&amp#27;[39m W3C capabilities and MJSONWP desired capabilities were provided
[debug] &amp#27;[35m[BaseDriver]&amp#27;[39m Creating session with W3C capabilities: {
[debug] &amp#27;[35m[BaseDriver]&amp#27;[39m   "alwaysMatch": {
[debug] &amp#27;[35m[BaseDriver]&amp#27;[39m     "platformName": "android",
[debug] &amp#27;[35m[BaseDriver]&amp#27;[39m     "appium:app": "C:\\Users\\tina_\\eclipse-workspace\\AppiumFramework\\src\\General-Store.apk",
[debug] &amp#27;[35m[BaseDriver]&amp#27;[39m     "appium:automationName": "uiautomator2",
[debug] &amp#27;[35m[BaseDriver]&amp#27;[39m     "appium:deviceName": "TinasPixel"
[debug] &amp#27;[35m[BaseDriver]&amp#27;[39m   },
[debug] &amp#27;[35m[BaseDriver]&amp#27;[39m   "firstMatch": [
[debug] &amp#27;[35m[BaseDriver]&amp#27;[39m     {}
[debug] &amp#27;[35m[BaseDriver]&amp#27;[39m   ]
[debug] &amp#27;[35m[BaseDriver]&amp#27;[39m }
&amp#27;[35m[BaseDriver]&amp#27;[39m Session created with session id: 64888050-4b31-4213-966a-71ff6308435f
&amp#27;[35m[BaseDriver]&amp#27;[39m Using local app 'C:\Users\tina_\eclipse-workspace\AppiumFramework\src\General-Store.apk'
[debug] &amp#27;[35m[UiAutomator2]&amp#27;[39m Checking whether app is actually present
&amp#27;[35m[ADB]&amp#27;[39m Found 2 'build-tools' folders under 'C:\Users\tina_\AppData\Local\Android\Sdk' (newest first):
&amp#27;[35m[ADB]&amp#27;[39m     C:/Users/tina_/AppData/Local/Android/Sdk/build-tools/29.0.3
&amp#27;[35m[ADB]&amp#27;[39m     C:/Users/tina_/AppData/Local/Android/Sdk/build-tools/29.0.2
&amp#27;[35m[ADB]&amp#27;[39m Using 'adb.exe' from 'C:\Users\tina_\AppData\Local\Android\Sdk\platform-tools\adb.exe'
&amp#27;[35m[AndroidDriver]&amp#27;[39m Retrieving device list
[debug] &amp#27;[35m[ADB]&amp#27;[39m Trying to find a connected android device
[debug] &amp#27;[35m[ADB]&amp#27;[39m Getting connected devices...
[debug] &amp#27;[35m[ADB]&amp#27;[39m Connected devices: [{"udid":"emulator-5554","state":"device"}]
&amp#27;[35m[AndroidDriver]&amp#27;[39m Using device: emulator-5554
&amp#27;[35m[ADB]&amp#27;[39m Using 'adb.exe' from 'C:\Users\tina_\AppData\Local\Android\Sdk\platform-tools\adb.exe'
[debug] &amp#27;[35m[ADB]&amp#27;[39m Setting device id to emulator-5554
[debug] &amp#27;[35m[ADB]&amp#27;[39m Running 'C:\Users\tina_\AppData\Local\Android\Sdk\platform-tools\adb.exe -P 5037 -s emulator-5554 shell getprop ro.build.version.sdk'
[debug] &amp#27;[35m[ADB]&amp#27;[39m Current device property 'ro.build.version.sdk': 29
&amp#27;[35m[ADB]&amp#27;[39m Getting device platform version
[debug] &amp#27;[35m[ADB]&amp#27;[39m Running 'C:\Users\tina_\AppData\Local\Android\Sdk\platform-tools\adb.exe -P 5037 -s emulator-5554 shell getprop ro.build.version.release'
[debug] &amp#27;[35m[ADB]&amp#27;[39m Current device property 'ro.build.version.release': 10
[debug] &amp#27;[35m[ADB]&amp#27;[39m Device API level: 29
&amp#27;[35m[UiAutomator2]&amp#27;[39m Relaxing hidden api policy
[debug] &amp#27;[35m[ADB]&amp#27;[39m Running 'C:\Users\tina_\AppData\Local\Android\Sdk\platform-tools\adb.exe -P 5037 -s emulator-5554 shell settings put global hidden_api_policy_pre_p_apps 1'
[debug] &amp#27;[35m[ADB]&amp#27;[39m Running 'C:\Users\tina_\AppData\Local\Android\Sdk\platform-tools\adb.exe -P 5037 -s emulator-5554 shell settings put global hidden_api_policy_p_apps 1'
[debug] &amp#27;[35m[ADB]&amp#27;[39m Running 'C:\Users\tina_\AppData\Local\Android\Sdk\platform-tools\adb.exe -P 5037 -s emulator-5554 shell settings put global hidden_api_policy 1'
[debug] &amp#27;[35m[AndroidDriver]&amp#27;[39m Parsing package and activity from app manifest
&amp#27;[35m[ADB]&amp#27;[39m Package name: 'com.androidsample.generalstore'
&amp#27;[35m[ADB]&amp#27;[39m Main activity name: 'com.androidsample.generalstore.SplashActivity'
[debug] &amp#27;[35m[AndroidDriver]&amp#27;[39m Parsed package and activity are: com.androidsample.generalstore/com.androidsample.generalstore.SplashActivity
[debug] &amp#27;[35m[ADB]&amp#27;[39m Running 'C:\Users\tina_\AppData\Local\Android\Sdk\platform-tools\adb.exe -P 5037 -s emulator-5554 wait-for-device'
[debug] &amp#27;[35m[ADB]&amp#27;[39m Running 'C:\Users\tina_\AppData\Local\Android\Sdk\platform-tools\adb.exe -P 5037 -s emulator-5554 shell echo ping'
[debug] &amp#27;[35m[AndroidDriver]&amp#27;[39m Pushing settings apk to device...
[debug] &amp#27;[35m[ADB]&amp#27;[39m Getting install status for io.appium.settings
[debug] &amp#27;[35m[ADB]&amp#27;[39m Running 'C:\Users\tina_\AppData\Local\Android\Sdk\platform-tools\adb.exe -P 5037 -s emulator-5554 shell dumpsys package io.appium.settings'
[debug] &amp#27;[35m[ADB]&amp#27;[39m 'io.appium.settings' is installed
[debug] &amp#27;[35m[ADB]&amp#27;[39m Getting package info for 'io.appium.settings'
[debug] &amp#27;[35m[ADB]&amp#27;[39m Running 'C:\Users\tina_\AppData\Local\Android\Sdk\platform-tools\adb.exe -P 5037 -s emulator-5554 shell dumpsys package io.appium.settings'
[debug] &amp#27;[35m[ADB]&amp#27;[39m The version name of the installed 'io.appium.settings' is greater or equal to the application version name ('3.1.0' >= '3.1.0')
[debug] &amp#27;[35m[ADB]&amp#27;[39m There is no need to install/upgrade 'C:\Users\tina_\AppData\Roaming\npm\node_modules\appium\node_modules\io.appium.settings\apks\settings_apk-debug.apk'
[debug] &amp#27;[35m[ADB]&amp#27;[39m Getting IDs of all 'io.appium.settings' processes
[debug] &amp#27;[35m[ADB]&amp#27;[39m Running 'C:\Users\tina_\AppData\Local\Android\Sdk\platform-tools\adb.exe -P 5037 -s emulator-5554 shell 'pgrep --help; echo $?''
[debug] &amp#27;[35m[ADB]&amp#27;[39m Running 'C:\Users\tina_\AppData\Local\Android\Sdk\platform-tools\adb.exe -P 5037 -s emulator-5554 shell pgrep -f io\\.appium\\.settings'
[debug] &amp#27;[35m[AndroidDriver]&amp#27;[39m io.appium.settings is already running. There is no need to reset its permissions.
[debug] &amp#27;[35m[ADB]&amp#27;[39m Running 'C:\Users\tina_\AppData\Local\Android\Sdk\platform-tools\adb.exe -P 5037 -s emulator-5554 shell appops set io.appium.settings android\:mock_location allow'
[debug] &amp#27;[35m[Logcat]&amp#27;[39m Starting logcat capture
[debug] &amp#27;[35m[UiAutomator2]&amp#27;[39m Forwarding UiAutomator2 Server port 6790 to 8208
[debug] &amp#27;[35m[ADB]&amp#27;[39m Forwarding system: 8208 to device: 6790
[debug] &amp#27;[35m[ADB]&amp#27;[39m Running 'C:\Users\tina_\AppData\Local\Android\Sdk\platform-tools\adb.exe -P 5037 -s emulator-5554 forward tcp\:8208 tcp\:6790'
[debug] &amp#27;[35m[ADB]&amp#27;[39m Getting install status for io.appium.uiautomator2.server
[debug] &amp#27;[35m[ADB]&amp#27;[39m Running 'C:\Users\tina_\AppData\Local\Android\Sdk\platform-tools\adb.exe -P 5037 -s emulator-5554 shell dumpsys package io.appium.uiautomator2.server'
[debug] &amp#27;[35m[ADB]&amp#27;[39m 'io.appium.uiautomator2.server' is installed
[debug] &amp#27;[35m[ADB]&amp#27;[39m Getting package info for 'io.appium.uiautomator2.server'
[debug] &amp#27;[35m[ADB]&amp#27;[39m Running 'C:\Users\tina_\AppData\Local\Android\Sdk\platform-tools\adb.exe -P 5037 -s emulator-5554 shell dumpsys package io.appium.uiautomator2.server'
[debug] &amp#27;[35m[ADB]&amp#27;[39m The version name of the installed 'io.appium.uiautomator2.server' is greater or equal to the application version name ('4.5.5' >= '4.5.5')
[debug] &amp#27;[35m[UiAutomator2]&amp#27;[39m io.appium.uiautomator2.server installation state: sameVersionInstalled
[debug] &amp#27;[35m[ADB]&amp#27;[39m Checking app cert for C:\Users\tina_\AppData\Roaming\npm\node_modules\appium\node_modules\appium-uiautomator2-server\apks\appium-uiautomator2-server-v4.5.5.apk
&amp#27;[35m[ADB]&amp#27;[39m Using 'apksigner.jar' from 'C:\Users\tina_\AppData\Local\Android\Sdk\build-tools\29.0.3\lib\apksigner.jar'
[debug] &amp#27;[35m[ADB]&amp#27;[39m Starting apksigner: 'C:\\Program Files\\Java\\jdk1.8.0_221\\bin\\java.exe' -Xmx1024M -Xss1m -jar C:\\Users\\tina_\\AppData\\Local\\Android\\Sdk\\build-tools\\29.0.3\\lib\\apksigner.jar verify --print-certs C:\\Users\\tina_\\AppData\\Roaming\\npm\\node_modules\\appium\\node_modules\\appium-uiautomator2-server\\apks\\appium-uiautomator2-server-v4.5.5.apk
[debug] &amp#27;[35m[ADB]&amp#27;[39m apksigner stdout: Signer #1 certificate DN: EMAILADDRESS=android@android.com, CN=Android, OU=Android, O=Android, L=Mountain View, ST=California, C=US
[debug] &amp#27;[35m[ADB]&amp#27;[39m Signer #1 certificate SHA-256 digest: a40da80a59d170caa950cf15c18c454d47a39b26989d8b640ecd745ba71bf5dc
[debug] &amp#27;[35m[ADB]&amp#27;[39m Signer #1 certificate SHA-1 digest: 61ed377e85d386a8dfee6b864bd85b0bfaa5af81
[debug] &amp#27;[35m[ADB]&amp#27;[39m Signer #1 certificate MD5 digest: e89b158e4bcf988ebd09eb83f5378e87
[debug] &amp#27;[35m[ADB]&amp#27;[39m 
[debug] &amp#27;[35m[ADB]&amp#27;[39m 'C:\Users\tina_\AppData\Roaming\npm\node_modules\appium\node_modules\appium-uiautomator2-server\apks\appium-uiautomator2-server-v4.5.5.apk' is signed with the default certificate
[debug] &amp#27;[35m[ADB]&amp#27;[39m Getting install status for io.appium.uiautomator2.server.test
[debug] &amp#27;[35m[ADB]&amp#27;[39m Running 'C:\Users\tina_\AppData\Local\Android\Sdk\platform-tools\adb.exe -P 5037 -s emulator-5554 shell dumpsys package io.appium.uiautomator2.server.test'
[debug] &amp#27;[35m[ADB]&amp#27;[39m 'io.appium.uiautomator2.server.test' is installed
[debug] &amp#27;[35m[ADB]&amp#27;[39m Checking app cert for C:\Users\tina_\AppData\Roaming\npm\node_modules\appium\node_modules\appium-uiautomator2-server\apks\appium-uiautomator2-server-debug-androidTest.apk
[debug] &amp#27;[35m[ADB]&amp#27;[39m Starting apksigner: 'C:\\Program Files\\Java\\jdk1.8.0_221\\bin\\java.exe' -Xmx1024M -Xss1m -jar C:\\Users\\tina_\\AppData\\Local\\Android\\Sdk\\build-tools\\29.0.3\\lib\\apksigner.jar verify --print-certs C:\\Users\\tina_\\AppData\\Roaming\\npm\\node_modules\\appium\\node_modules\\appium-uiautomator2-server\\apks\\appium-uiautomator2-server-debug-androidTest.apk
[debug] &amp#27;[35m[ADB]&amp#27;[39m apksigner stdout: Signer #1 certificate DN: EMAILADDRESS=android@android.com, CN=Android, OU=Android, O=Android, L=Mountain View, ST=California, C=US
[debug] &amp#27;[35m[ADB]&amp#27;[39m Signer #1 certificate SHA-256 digest: a40da80a59d170caa950cf15c18c454d47a39b26989d8b640ecd745ba71bf5dc
[debug] &amp#27;[35m[ADB]&amp#27;[39m Signer #1 certificate SHA-1 digest: 61ed377e85d386a8dfee6b864bd85b0bfaa5af81
[debug] &amp#27;[35m[ADB]&amp#27;[39m Signer #1 certificate MD5 digest: e89b158e4bcf988ebd09eb83f5378e87
[debug] &amp#27;[35m[ADB]&amp#27;[39m 
[debug] &amp#27;[35m[ADB]&amp#27;[39m 'C:\Users\tina_\AppData\Roaming\npm\node_modules\appium\node_modules\appium-uiautomator2-server\apks\appium-uiautomator2-server-debug-androidTest.apk' is signed with the default certificate
&amp#27;[35m[UiAutomator2]&amp#27;[39m Server packages are not going to be (re)installed
[debug] &amp#27;[35m[UiAutomator2]&amp#27;[39m Waiting up to 30000ms for services to be available
[debug] &amp#27;[35m[ADB]&amp#27;[39m Running 'C:\Users\tina_\AppData\Local\Android\Sdk\platform-tools\adb.exe -P 5037 -s emulator-5554 shell pm list instrumentation'
[debug] &amp#27;[35m[UiAutomator2]&amp#27;[39m Instrumentation target 'io.appium.uiautomator2.server.test/androidx.test.runner.AndroidJUnitRunner' is available
[debug] &amp#27;[35m[ADB]&amp#27;[39m Checking app cert for C:\Users\tina_\eclipse-workspace\AppiumFramework\src\General-Store.apk
[debug] &amp#27;[35m[ADB]&amp#27;[39m Starting apksigner: 'C:\\Program Files\\Java\\jdk1.8.0_221\\bin\\java.exe' -Xmx1024M -Xss1m -jar C:\\Users\\tina_\\AppData\\Local\\Android\\Sdk\\build-tools\\29.0.3\\lib\\apksigner.jar verify --print-certs C:\\Users\\tina_\\eclipse-workspace\\AppiumFramework\\src\\General-Store.apk
[debug] &amp#27;[35m[ADB]&amp#27;[39m apksigner stdout: Signer #1 certificate DN: EMAILADDRESS=android@android.com, CN=Android, OU=Android, O=Android, L=Mountain View, ST=California, C=US
[debug] &amp#27;[35m[ADB]&amp#27;[39m Signer #1 certificate SHA-256 digest: a40da80a59d170caa950cf15c18c454d47a39b26989d8b640ecd745ba71bf5dc
[debug] &amp#27;[35m[ADB]&amp#27;[39m Signer #1 certificate SHA-1 digest: 61ed377e85d386a8dfee6b864bd85b0bfaa5af81
[debug] &amp#27;[35m[ADB]&amp#27;[39m Signer #1 certificate MD5 digest: e89b158e4bcf988ebd09eb83f5378e87
[debug] &amp#27;[35m[ADB]&amp#27;[39m 
[debug] &amp#27;[35m[ADB]&amp#27;[39m 'C:\Users\tina_\eclipse-workspace\AppiumFramework\src\General-Store.apk' is signed with the default certificate
[debug] &amp#27;[35m[ADB]&amp#27;[39m Getting install status for com.androidsample.generalstore
[debug] &amp#27;[35m[ADB]&amp#27;[39m Running 'C:\Users\tina_\AppData\Local\Android\Sdk\platform-tools\adb.exe -P 5037 -s emulator-5554 shell dumpsys package com.androidsample.generalstore'
[debug] &amp#27;[35m[ADB]&amp#27;[39m 'com.androidsample.generalstore' is installed
[debug] &amp#27;[35m[ADB]&amp#27;[39m Getting package info for 'com.androidsample.generalstore'
[debug] &amp#27;[35m[ADB]&amp#27;[39m Running 'C:\Users\tina_\AppData\Local\Android\Sdk\platform-tools\adb.exe -P 5037 -s emulator-5554 shell dumpsys package com.androidsample.generalstore'
[debug] &amp#27;[35m[ADB]&amp#27;[39m The version name of the installed 'com.androidsample.generalstore' is greater or equal to the application version name ('1.0.0' >= '1.0.0')
[debug] &amp#27;[35m[ADB]&amp#27;[39m There is no need to install/upgrade 'C:\Users\tina_\eclipse-workspace\AppiumFramework\src\General-Store.apk'
&amp#27;[35m[AndroidDriver]&amp#27;[39m Performing fast reset on 'com.androidsample.generalstore'
[debug] &amp#27;[35m[ADB]&amp#27;[39m Getting install status for com.androidsample.generalstore
[debug] &amp#27;[35m[ADB]&amp#27;[39m Running 'C:\Users\tina_\AppData\Local\Android\Sdk\platform-tools\adb.exe -P 5037 -s emulator-5554 shell dumpsys package com.androidsample.generalstore'
[debug] &amp#27;[35m[ADB]&amp#27;[39m 'com.androidsample.generalstore' is installed
[debug] &amp#27;[35m[ADB]&amp#27;[39m Running 'C:\Users\tina_\AppData\Local\Android\Sdk\platform-tools\adb.exe -P 5037 -s emulator-5554 shell am force-stop com.androidsample.generalstore'
[debug] &amp#27;[35m[ADB]&amp#27;[39m Running 'C:\Users\tina_\AppData\Local\Android\Sdk\platform-tools\adb.exe -P 5037 -s emulator-5554 shell pm clear com.androidsample.generalstore'
[debug] &amp#27;[35m[AndroidDriver]&amp#27;[39m Performed fast reset on the installed 'com.androidsample.generalstore' application (stop and clear)
[debug] &amp#27;[35m[UiAutomator2]&amp#27;[39m Performing shallow cleanup of automation leftovers
[debug] &amp#27;[35m[UiAutomator2]&amp#27;[39m The following obsolete sessions are still running: ["c50f2b51-8f46-41a7-84fc-7590d1b08f21"]
[debug] &amp#27;[35m[UiAutomator2]&amp#27;[39m Cleaning up the obsolete sessions
[debug] &amp#27;[35m[ADB]&amp#27;[39m Running 'C:\Users\tina_\AppData\Local\Android\Sdk\platform-tools\adb.exe -P 5037 -s emulator-5554 shell am force-stop io.appium.uiautomator2.server.test'
&amp#27;[35m[UiAutomator2]&amp#27;[39m Starting UIAutomator2 server 4.5.5
&amp#27;[35m[UiAutomator2]&amp#27;[39m Using UIAutomator2 server from 'C:\Users\tina_\AppData\Roaming\npm\node_modules\appium\node_modules\appium-uiautomator2-server\apks\appium-uiautomator2-server-v4.5.5.apk' and test from 'C:\Users\tina_\AppData\Roaming\npm\node_modules\appium\node_modules\appium-uiautomator2-server\apks\appium-uiautomator2-server-debug-androidTest.apk'
&amp#27;[35m[UiAutomator2]&amp#27;[39m Waiting up to 30000ms for UiAutomator2 to be online...
[debug] &amp#27;[35m[ADB]&amp#27;[39m Creating ADB subprocess with args: ["-P",5037,"-s","emulator-5554","shell","am","instrument","-w","io.appium.uiautomator2.server.test/androidx.test.runner.AndroidJUnitRunner"]
[debug] &amp#27;[35m[Instrumentation]&amp#27;[39m io.appium.uiautomator2.server.test.AppiumUiAutomator2Server:
[debug] &amp#27;[35m[WD Proxy]&amp#27;[39m Matched '/status' to command name 'getStatus'
[debug] &amp#27;[35m[WD Proxy]&amp#27;[39m Proxying [GET /status] to [GET http://127.0.0.1:8208/wd/hub/status] with no body
&amp#27;[35m[WD Proxy]&amp#27;[39m Got response with unknown status: {"code":"ECONNRESET"}
[debug] &amp#27;[35m[WD Proxy]&amp#27;[39m Matched '/status' to command name 'getStatus'
[debug] &amp#27;[35m[WD Proxy]&amp#27;[39m Proxying [GET /status] to [GET http://127.0.0.1:8208/wd/hub/status] with no body
&amp#27;[35m[WD Proxy]&amp#27;[39m Got response with unknown status: {"code":"ECONNRESET"}
[debug] &amp#27;[35m[WD Proxy]&amp#27;[39m Matched '/status' to command name 'getStatus'
[debug] &amp#27;[35m[WD Proxy]&amp#27;[39m Proxying [GET /status] to [GET http://127.0.0.1:8208/wd/hub/status] with no body
[debug] &amp#27;[35m[WD Proxy]&amp#27;[39m Got response with status 200: {"sessionId":"None","value":{"ready":true,"message":"UiAutomator2 Server is ready to accept commands"}}
[debug] &amp#27;[35m[UiAutomator2]&amp#27;[39m The initialization of the instrumentation process took 3126ms
[debug] &amp#27;[35m[WD Proxy]&amp#27;[39m Matched '/session' to command name 'createSession'
[debug] &amp#27;[35m[WD Proxy]&amp#27;[39m Proxying [POST /session] to [POST http://127.0.0.1:8208/wd/hub/session] with body: {"capabilities":{"firstMatch":[{"platform":"LINUX","webStorageEnabled":false,"takesScreenshot":true,"javascriptEnabled":true,"databaseEnabled":false,"networkConnectionEnabled":true,"locationContextEnabled":false,"warnings":{},"desired":{"platformName":"android","app":"C:\\Users\\tina_\\eclipse-workspace\\AppiumFramework\\src\\General-Store.apk","automationName":"uiautomator2","deviceName":"TinasPixel"},"platformName":"android","app":"C:\\Users\\tina_\\eclipse-workspace\\AppiumFramework\\src\\General-Store.apk","automationName":"uiautomator2","deviceName":"emulator-5554","deviceUDID":"emulator-5554","appPackage":"com.androidsample.generalstore"}],"alwaysMatch":{}}}
[debug] &amp#27;[35m[WD Proxy]&amp#27;[39m Got response with status 200: {"sessionId":"25941aa1-3f6e-4dc4-90f3-f8cf02d9ddc1","value":{"sessionId":"25941aa1-3f6e-4dc4-90f3-f8cf02d9ddc1","capabilities":{"firstMatch":[{"platform":"LINUX","webStorageEnabled":false,"takesScreenshot":true,"javascriptEnabled":true,"databaseEnabled":false,"networkConnectionEnabled":true,"locationContextEnabled":false,"warnings":{},"desired":{"platformName":"android","app":"C:\\Users\\tina_\\eclipse-workspace\\AppiumFramework\\src\\General-Store.apk","automationName":"uiautomator2","deviceName":"TinasPixel"},"platformName":"android","app":"C:\\Users\\tina_\\eclipse-workspace\\AppiumFramework\\src\\General-Store.apk","automationName":"uiautomator2","deviceName":"emulator-5554","deviceUDID":"emulator-5554","appPackage":"com.androidsample.generalstore"}],"alwaysMatch":{}}}}
&amp#27;[35m[WD Proxy]&amp#27;[39m Determined the downstream protocol as 'W3C'
[debug] &amp#27;[35m[WD Proxy]&amp#27;[39m Proxying [GET /appium/device/info] to [GET http://127.0.0.1:8208/wd/hub/session/25941aa1-3f6e-4dc4-90f3-f8cf02d9ddc1/appium/device/info] with no body
[debug] &amp#27;[35m[WD Proxy]&amp#27;[39m Got response with status 200: {"sessionId":"25941aa1-3f6e-4dc4-90f3-f8cf02d9ddc1","value":{"androidId":"077d906c7e6dca8a","manufacturer":"Google","model":"Android SDK built for x86","brand":"google","apiVersion":"29","platformVersion":"10","carrierName":"Android","realDisplaySize":"1080x2160","displayDensity":440,"networks":[{"type":0,"typeName":"MOBILE","subtype":13,"subtypeName":"LTE","isConnected":true,"detailedState":"CONNECTED","state":"CONNECTED","extraInfo":"epc.tmobile.com","isAvailable":true,"isFailover":false,"isRoaming":false,"capabilities":{"transportTypes":"TRANSPORT_CELLULAR","networkCapabilities":"NET_CAPABILITY_MMS,NET_CAPABILITY_SUPL,NET_CAPABILITY_DUN,NET_CAPABILITY_FOTA,NET_CAPABILITY_IMS,NET_CAPABILITY_CBS,NET_CAPABILITY_INTERNET,NET_CAPABILITY_NOT_RESTRICTED,NET_CAPABILITY_TRUSTED,NET_CAPABILITY_NOT_VPN,NET_CAPABILITY_VALIDATED,NET_CAPABILITY_NOT_ROAMING,NET_CAPABILITY_NOT_CONGESTED,NET_CAPABILITY_NOT_SUSPENDED","linkUpstreamBandwidthKbps":51200,"linkDownBandwidthKbps":102400,"signalStrength":-2147483648,"networkSp...
[debug] &amp#27;[35m[ADB]&amp#27;[39m Running 'C:\Users\tina_\AppData\Local\Android\Sdk\platform-tools\adb.exe -P 5037 -s emulator-5554 shell dumpsys window'
&amp#27;[35m[AndroidDriver]&amp#27;[39m Screen already unlocked, doing nothing
&amp#27;[35m[UiAutomator2]&amp#27;[39m Starting 'com.androidsample.generalstore/com.androidsample.generalstore.SplashActivity and waiting for 'com.androidsample.generalstore/com.androidsample.generalstore.SplashActivity'
[debug] &amp#27;[35m[ADB]&amp#27;[39m Running 'C:\Users\tina_\AppData\Local\Android\Sdk\platform-tools\adb.exe -P 5037 -s emulator-5554 shell am start -W -n com.androidsample.generalstore/com.androidsample.generalstore.SplashActivity -S -a android.intent.action.MAIN -c android.intent.category.LAUNCHER -f 0x10200000'
[debug] &amp#27;[35m[ADB]&amp#27;[39m Waiting up to 20000ms for activity matching pkg: 'com.androidsample.generalstore' and activity: 'com.androidsample.generalstore.SplashActivity' to be focused
[debug] &amp#27;[35m[ADB]&amp#27;[39m Possible activities, to be checked: 'com.androidsample.generalstore.SplashActivity', 'com.androidsample.generalstore.com.androidsample.generalstore.SplashActivity'
[debug] &amp#27;[35m[ADB]&amp#27;[39m Getting focused package and activity
[debug] &amp#27;[35m[ADB]&amp#27;[39m Running 'C:\Users\tina_\AppData\Local\Android\Sdk\platform-tools\adb.exe -P 5037 -s emulator-5554 shell dumpsys window displays'
[debug] &amp#27;[35m[ADB]&amp#27;[39m Found package: 'com.androidsample.generalstore' and fully qualified activity name : 'com.androidsample.generalstore.SplashActivity'
[debug] &amp#27;[35m[WD Proxy]&amp#27;[39m Proxying [GET /appium/device/pixel_ratio] to [GET http://127.0.0.1:8208/wd/hub/session/25941aa1-3f6e-4dc4-90f3-f8cf02d9ddc1/appium/device/pixel_ratio] with body: {}
[debug] &amp#27;[35m[WD Proxy]&amp#27;[39m Got response with status 200: {"sessionId":"25941aa1-3f6e-4dc4-90f3-f8cf02d9ddc1","value":2.75}
[debug] &amp#27;[35m[WD Proxy]&amp#27;[39m Matched '/appium/device/system_bars' to command name 'getSystemBars'
[debug] &amp#27;[35m[WD Proxy]&amp#27;[39m Proxying [GET /appium/device/system_bars] to [GET http://127.0.0.1:8208/wd/hub/session/25941aa1-3f6e-4dc4-90f3-f8cf02d9ddc1/appium/device/system_bars] with body: {}
[debug] &amp#27;[35m[WD Proxy]&amp#27;[39m Got response with status 200: {"sessionId":"25941aa1-3f6e-4dc4-90f3-f8cf02d9ddc1","value":{"statusBar":66}}
[debug] &amp#27;[35m[WD Proxy]&amp#27;[39m Matched '/window/current/size' to command name 'getWindowSize'
[debug] &amp#27;[35m[WD Proxy]&amp#27;[39m Proxying [GET /window/current/size] to [GET http://127.0.0.1:8208/wd/hub/session/25941aa1-3f6e-4dc4-90f3-f8cf02d9ddc1/window/current/size] with body: {}
[debug] &amp#27;[35m[WD Proxy]&amp#27;[39m Got response with status 200: {"sessionId":"25941aa1-3f6e-4dc4-90f3-f8cf02d9ddc1","value":{"height":2028,"width":1080}}
&amp#27;[35m[Appium]&amp#27;[39m New AndroidUiautomator2Driver session created successfully, session 64888050-4b31-4213-966a-71ff6308435f added to master session list
[debug] &amp#27;[35m[BaseDriver]&amp#27;[39m Event 'newSessionStarted' logged at 1601062681522 (15:38:01 GMT-0400 (Eastern Daylight Time))
[debug] &amp#27;[35m[W3C (64888050)]&amp#27;[39m Cached the protocol value 'W3C' for the new session 64888050-4b31-4213-966a-71ff6308435f
[debug] &amp#27;[35m[W3C (64888050)]&amp#27;[39m Responding to client with driver.createSession() result: {"capabilities":{"platform":"LINUX","webStorageEnabled":false,"takesScreenshot":true,"javascriptEnabled":true,"databaseEnabled":false,"networkConnectionEnabled":true,"locationContextEnabled":false,"warnings":{},"desired":{"platformName":"android","app":"C:\\Users\\tina_\\eclipse-workspace\\AppiumFramework\\src\\General-Store.apk","automationName":"uiautomator2","deviceName":"TinasPixel"},"platformName":"android","app":"C:\\Users\\tina_\\eclipse-workspace\\AppiumFramework\\src\\General-Store.apk","automationName":"uiautomator2","deviceName":"emulator-5554","deviceUDID":"emulator-5554","appPackage":"com.androidsample.generalstore","deviceApiLevel":29,"platformVersion":"10","deviceScreenSize":"1080x2160","deviceScreenDensity":440,"deviceModel":"Android SDK built for x86","deviceManufacturer":"Google","pixelRatio":2.75,"statBarHeight":66,"viewportRect":{"left":0,"top":66,"width":1080,"height":1962}}}
&amp#27;[35m[HTTP]&amp#27;[39m &amp#27;[37m<-- POST /wd/hub/session &amp#27;[39m&amp#27;[32m200&amp#27;[39m &amp#27;[90m9549 ms - 970&amp#27;[39m
&amp#27;[35m[HTTP]&amp#27;[39m &amp#27;[90m&amp#27;[39m
&amp#27;[35m[HTTP]&amp#27;[39m &amp#27;[37m-->&amp#27;[39m &amp#27;[37mPOST&amp#27;[39m &amp#27;[37m/wd/hub/session/64888050-4b31-4213-966a-71ff6308435f/timeouts&amp#27;[39m
&amp#27;[35m[HTTP]&amp#27;[39m &amp#27;[90m{"implicit":10000}&amp#27;[39m
[debug] &amp#27;[35m[W3C (64888050)]&amp#27;[39m Calling AppiumDriver.timeouts() with args: [null,null,null,null,10000,"64888050-4b31-4213-966a-71ff6308435f"]
[debug] &amp#27;[35m[BaseDriver]&amp#27;[39m W3C timeout argument: {"implicit":10000}}
[debug] &amp#27;[35m[BaseDriver]&amp#27;[39m Set implicit wait to 10000ms
[debug] &amp#27;[35m[W3C (64888050)]&amp#27;[39m Responding to client with driver.timeouts() result: null
&amp#27;[35m[HTTP]&amp#27;[39m &amp#27;[37m<-- POST /wd/hub/session/64888050-4b31-4213-966a-71ff6308435f/timeouts &amp#27;[39m&amp#27;[32m200&amp#27;[39m &amp#27;[90m9 ms - 14&amp#27;[39m
&amp#27;[35m[HTTP]&amp#27;[39m &amp#27;[90m&amp#27;[39m
&amp#27;[35m[HTTP]&amp#27;[39m &amp#27;[37m-->&amp#27;[39m &amp#27;[37mPOST&amp#27;[39m &amp#27;[37m/wd/hub/session/64888050-4b31-4213-966a-71ff6308435f/timeouts&amp#27;[39m
&amp#27;[35m[HTTP]&amp#27;[39m &amp#27;[90m{"implicit":10000}&amp#27;[39m
[debug] &amp#27;[35m[W3C (64888050)]&amp#27;[39m Calling AppiumDriver.timeouts() with args: [null,null,null,null,10000,"64888050-4b31-4213-966a-71ff6308435f"]
[debug] &amp#27;[35m[BaseDriver]&amp#27;[39m W3C timeout argument: {"implicit":10000}}
[debug] &amp#27;[35m[BaseDriver]&amp#27;[39m Set implicit wait to 10000ms
[debug] &amp#27;[35m[W3C (64888050)]&amp#27;[39m Responding to client with driver.timeouts() result: null
&amp#27;[35m[HTTP]&amp#27;[39m &amp#27;[37m<-- POST /wd/hub/session/64888050-4b31-4213-966a-71ff6308435f/timeouts &amp#27;[39m&amp#27;[32m200&amp#27;[39m &amp#27;[90m3 ms - 14&amp#27;[39m
&amp#27;[35m[HTTP]&amp#27;[39m &amp#27;[90m&amp#27;[39m
&amp#27;[35m[HTTP]&amp#27;[39m &amp#27;[37m-->&amp#27;[39m &amp#27;[37mGET&amp#27;[39m &amp#27;[37m/wd/hub/session/64888050-4b31-4213-966a-71ff6308435f/context&amp#27;[39m
&amp#27;[35m[HTTP]&amp#27;[39m &amp#27;[90m{}&amp#27;[39m
[debug] &amp#27;[35m[W3C (64888050)]&amp#27;[39m Calling AppiumDriver.getCurrentContext() with args: ["64888050-4b31-4213-966a-71ff6308435f"]
[debug] &amp#27;[35m[W3C (64888050)]&amp#27;[39m Responding to client with driver.getCurrentContext() result: "NATIVE_APP"
&amp#27;[35m[HTTP]&amp#27;[39m &amp#27;[37m<-- GET /wd/hub/session/64888050-4b31-4213-966a-71ff6308435f/context &amp#27;[39m&amp#27;[32m200&amp#27;[39m &amp#27;[90m8 ms - 22&amp#27;[39m
&amp#27;[35m[HTTP]&amp#27;[39m &amp#27;[90m&amp#27;[39m
&amp#27;[35m[HTTP]&amp#27;[39m &amp#27;[37m-->&amp#27;[39m &amp#27;[37mPOST&amp#27;[39m &amp#27;[37m/wd/hub/session/64888050-4b31-4213-966a-71ff6308435f/element&amp#27;[39m
&amp#27;[35m[HTTP]&amp#27;[39m &amp#27;[90m{"using":"id","value":"com.androidsample.generalstore:id/nameField"}&amp#27;[39m
[debug] &amp#27;[35m[W3C (64888050)]&amp#27;[39m Calling AppiumDriver.findElement() with args: ["id","com.androidsample.generalstore:id/nameField","64888050-4b31-4213-966a-71ff6308435f"]
[debug] &amp#27;[35m[BaseDriver]&amp#27;[39m Valid locator strategies for this request: xpath, id, class name, accessibility id, -android uiautomator
[debug] &amp#27;[35m[BaseDriver]&amp#27;[39m Waiting up to 10000 ms for condition
[debug] &amp#27;[35m[WD Proxy]&amp#27;[39m Matched '/element' to command name 'findElement'
[debug] &amp#27;[35m[WD Proxy]&amp#27;[39m Proxying [POST /element] to [POST http://127.0.0.1:8208/wd/hub/session/25941aa1-3f6e-4dc4-90f3-f8cf02d9ddc1/element] with body: {"strategy":"id","selector":"com.androidsample.generalstore:id/nameField","context":"","multiple":false}
&amp#27;[35m[WD Proxy]&amp#27;[39m Got response with status 404: {"sessionId":"25941aa1-3f6e-4dc4-90f3-f8cf02d9ddc1","value":{"error":"no such element","message":"An element could not be located on the page using the given search parameters","stacktrace":"io.appium.uiautomator2.common.exceptions.ElementNotFoundException: An element could not be located on the page using the given search parameters\n\tat io.appium.uiautomator2.handler.FindElement.safeHandle(FindElement.java:78)\n\tat io.appium.uiautomator2.handler.request.SafeRequestHandler.handle(SafeRequestHandler.java:38)\n\tat io.appium.uiautomator2.server.AppiumServlet.handleRequest(AppiumServlet.java:252)\n\tat io.appium.uiautomator2.server.AppiumServlet.handleHttpRequest(AppiumServlet.java:242)\n\tat io.appium.uiautomator2.http.ServerHandler.channelRead(ServerHandler.java:51)\n\tat io.netty.channel.AbstractChannelHandlerContext.invokeChannelRead(AbstractChannelHandlerContext.java:366)\n\tat io.netty.channel.AbstractChannelHandlerContext.invokeChannelRead(AbstractChannelHandlerContext.java:352)\n\tat io.netty.chann...
[debug] &amp#27;[35m[W3C]&amp#27;[39m Matched W3C error code 'no such element' to NoSuchElementError
[debug] &amp#27;[35m[BaseDriver]&amp#27;[39m Waited for 430 ms so far
[debug] &amp#27;[35m[WD Proxy]&amp#27;[39m Matched '/element' to command name 'findElement'
[debug] &amp#27;[35m[WD Proxy]&amp#27;[39m Proxying [POST /element] to [POST http://127.0.0.1:8208/wd/hub/session/25941aa1-3f6e-4dc4-90f3-f8cf02d9ddc1/element] with body: {"strategy":"id","selector":"com.androidsample.generalstore:id/nameField","context":"","multiple":false}
&amp#27;[35m[WD Proxy]&amp#27;[39m Got response with status 404: {"sessionId":"25941aa1-3f6e-4dc4-90f3-f8cf02d9ddc1","value":{"error":"no such element","message":"An element could not be located on the page using the given search parameters","stacktrace":"io.appium.uiautomator2.common.exceptions.ElementNotFoundException: An element could not be located on the page using the given search parameters\n\tat io.appium.uiautomator2.handler.FindElement.safeHandle(FindElement.java:78)\n\tat io.appium.uiautomator2.handler.request.SafeRequestHandler.handle(SafeRequestHandler.java:38)\n\tat io.appium.uiautomator2.server.AppiumServlet.handleRequest(AppiumServlet.java:252)\n\tat io.appium.uiautomator2.server.AppiumServlet.handleHttpRequest(AppiumServlet.java:242)\n\tat io.appium.uiautomator2.http.ServerHandler.channelRead(ServerHandler.java:51)\n\tat io.netty.channel.AbstractChannelHandlerContext.invokeChannelRead(AbstractChannelHandlerContext.java:366)\n\tat io.netty.channel.AbstractChannelHandlerContext.invokeChannelRead(AbstractChannelHandlerContext.java:352)\n\tat io.netty.chann...
[debug] &amp#27;[35m[W3C]&amp#27;[39m Matched W3C error code 'no such element' to NoSuchElementError
[debug] &amp#27;[35m[BaseDriver]&amp#27;[39m Waited for 952 ms so far
[debug] &amp#27;[35m[WD Proxy]&amp#27;[39m Matched '/element' to command name 'findElement'
[debug] &amp#27;[35m[WD Proxy]&amp#27;[39m Proxying [POST /element] to [POST http://127.0.0.1:8208/wd/hub/session/25941aa1-3f6e-4dc4-90f3-f8cf02d9ddc1/element] with body: {"strategy":"id","selector":"com.androidsample.generalstore:id/nameField","context":"","multiple":false}
&amp#27;[35m[WD Proxy]&amp#27;[39m Got response with status 404: {"sessionId":"25941aa1-3f6e-4dc4-90f3-f8cf02d9ddc1","value":{"error":"no such element","message":"An element could not be located on the page using the given search parameters","stacktrace":"io.appium.uiautomator2.common.exceptions.ElementNotFoundException: An element could not be located on the page using the given search parameters\n\tat io.appium.uiautomator2.handler.FindElement.safeHandle(FindElement.java:78)\n\tat io.appium.uiautomator2.handler.request.SafeRequestHandler.handle(SafeRequestHandler.java:38)\n\tat io.appium.uiautomator2.server.AppiumServlet.handleRequest(AppiumServlet.java:252)\n\tat io.appium.uiautomator2.server.AppiumServlet.handleHttpRequest(AppiumServlet.java:242)\n\tat io.appium.uiautomator2.http.ServerHandler.channelRead(ServerHandler.java:51)\n\tat io.netty.channel.AbstractChannelHandlerContext.invokeChannelRead(AbstractChannelHandlerContext.java:366)\n\tat io.netty.channel.AbstractChannelHandlerContext.invokeChannelRead(AbstractChannelHandlerContext.java:352)\n\tat io.netty.chann...
[debug] &amp#27;[35m[W3C]&amp#27;[39m Matched W3C error code 'no such element' to NoSuchElementError
[debug] &amp#27;[35m[BaseDriver]&amp#27;[39m Waited for 1473 ms so far
[debug] &amp#27;[35m[WD Proxy]&amp#27;[39m Matched '/element' to command name 'findElement'
[debug] &amp#27;[35m[WD Proxy]&amp#27;[39m Proxying [POST /element] to [POST http://127.0.0.1:8208/wd/hub/session/25941aa1-3f6e-4dc4-90f3-f8cf02d9ddc1/element] with body: {"strategy":"id","selector":"com.androidsample.generalstore:id/nameField","context":"","multiple":false}
[debug] &amp#27;[35m[WD Proxy]&amp#27;[39m Got response with status 200: {"sessionId":"25941aa1-3f6e-4dc4-90f3-f8cf02d9ddc1","value":{"ELEMENT":"c147f0c6-5045-492a-bda3-1fb66a32d074","element-6066-11e4-a52e-4f735466cecf":"c147f0c6-5045-492a-bda3-1fb66a32d074"}}
[debug] &amp#27;[35m[W3C (64888050)]&amp#27;[39m Responding to client with driver.findElement() result: {"element-6066-11e4-a52e-4f735466cecf":"c147f0c6-5045-492a-bda3-1fb66a32d074","ELEMENT":"c147f0c6-5045-492a-bda3-1fb66a32d074"}
&amp#27;[35m[HTTP]&amp#27;[39m &amp#27;[37m<-- POST /wd/hub/session/64888050-4b31-4213-966a-71ff6308435f/element &amp#27;[39m&amp#27;[32m200&amp#27;[39m &amp#27;[90m2534 ms - 137&amp#27;[39m
&amp#27;[35m[HTTP]&amp#27;[39m &amp#27;[90m&amp#27;[39m
&amp#27;[35m[HTTP]&amp#27;[39m &amp#27;[37m-->&amp#27;[39m &amp#27;[37mPOST&amp#27;[39m &amp#27;[37m/wd/hub/session/64888050-4b31-4213-966a-71ff6308435f/element/c147f0c6-5045-492a-bda3-1fb66a32d074/value&amp#27;[39m
&amp#27;[35m[HTTP]&amp#27;[39m &amp#27;[90m{"id":"c147f0c6-5045-492a-bda3-1fb66a32d074","text":"My Name","value":["M","y"," ","N","a","m","e"]}&amp#27;[39m
[debug] &amp#27;[35m[W3C (64888050)]&amp#27;[39m Calling AppiumDriver.setValue() with args: [["M","y"," ","N","a","m","e"],"c147f0c6-5045-492a-bda3-1fb66a32d074","64888050-4b31-4213-966a-71ff6308435f"]
[debug] &amp#27;[35m[WD Proxy]&amp#27;[39m Matched '/element/c147f0c6-5045-492a-bda3-1fb66a32d074/value' to command name 'setValue'
[debug] &amp#27;[35m[Protocol Converter]&amp#27;[39m Added 'value' property ["M","y"," ","N","a","m","e"] to 'setValue' request body
[debug] &amp#27;[35m[WD Proxy]&amp#27;[39m Proxying [POST /element/c147f0c6-5045-492a-bda3-1fb66a32d074/value] to [POST http://127.0.0.1:8208/wd/hub/session/25941aa1-3f6e-4dc4-90f3-f8cf02d9ddc1/element/c147f0c6-5045-492a-bda3-1fb66a32d074/value] with body: {"elementId":"c147f0c6-5045-492a-bda3-1fb66a32d074","text":"My Name","replace":false,"value":["M","y"," ","N","a","m","e"]}
[debug] &amp#27;[35m[WD Proxy]&amp#27;[39m Got response with status 200: {"sessionId":"25941aa1-3f6e-4dc4-90f3-f8cf02d9ddc1","value":null}
[debug] &amp#27;[35m[W3C (64888050)]&amp#27;[39m Responding to client with driver.setValue() result: null
&amp#27;[35m[HTTP]&amp#27;[39m &amp#27;[37m<-- POST /wd/hub/session/64888050-4b31-4213-966a-71ff6308435f/element/c147f0c6-5045-492a-bda3-1fb66a32d074/value &amp#27;[39m&amp#27;[32m200&amp#27;[39m &amp#27;[90m1103 ms - 14&amp#27;[39m
&amp#27;[35m[HTTP]&amp#27;[39m &amp#27;[90m&amp#27;[39m
&amp#27;[35m[HTTP]&amp#27;[39m &amp#27;[37m-->&amp#27;[39m &amp#27;[37mPOST&amp#27;[39m &amp#27;[37m/wd/hub/session/64888050-4b31-4213-966a-71ff6308435f/appium/device/hide_keyboard&amp#27;[39m
&amp#27;[35m[HTTP]&amp#27;[39m &amp#27;[90m{}&amp#27;[39m
[debug] &amp#27;[35m[W3C (64888050)]&amp#27;[39m Calling AppiumDriver.hideKeyboard() with args: [null,null,null,null,"64888050-4b31-4213-966a-71ff6308435f"]
[debug] &amp#27;[35m[ADB]&amp#27;[39m Running 'C:\Users\tina_\AppData\Local\Android\Sdk\platform-tools\adb.exe -P 5037 -s emulator-5554 shell dumpsys input_method'
&amp#27;[35m[AndroidDriver]&amp#27;[39m Keyboard has no UI; no closing necessary
[debug] &amp#27;[35m[W3C (64888050)]&amp#27;[39m Responding to client with driver.hideKeyboard() result: null
&amp#27;[35m[HTTP]&amp#27;[39m &amp#27;[37m<-- POST /wd/hub/session/64888050-4b31-4213-966a-71ff6308435f/appium/device/hide_keyboard &amp#27;[39m&amp#27;[32m200&amp#27;[39m &amp#27;[90m181 ms - 14&amp#27;[39m
&amp#27;[35m[HTTP]&amp#27;[39m &amp#27;[90m&amp#27;[39m
&amp#27;[35m[HTTP]&amp#27;[39m &amp#27;[37m-->&amp#27;[39m &amp#27;[37mGET&amp#27;[39m &amp#27;[37m/wd/hub/session/64888050-4b31-4213-966a-71ff6308435f/context&amp#27;[39m
&amp#27;[35m[HTTP]&amp#27;[39m &amp#27;[90m{}&amp#27;[39m
[debug] &amp#27;[35m[W3C (64888050)]&amp#27;[39m Calling AppiumDriver.getCurrentContext() with args: ["64888050-4b31-4213-966a-71ff6308435f"]
[debug] &amp#27;[35m[W3C (64888050)]&amp#27;[39m Responding to client with driver.getCurrentContext() result: "NATIVE_APP"
&amp#27;[35m[HTTP]&amp#27;[39m &amp#27;[37m<-- GET /wd/hub/session/64888050-4b31-4213-966a-71ff6308435f/context &amp#27;[39m&amp#27;[32m200&amp#27;[39m &amp#27;[90m1 ms - 22&amp#27;[39m
&amp#27;[35m[HTTP]&amp#27;[39m &amp#27;[90m&amp#27;[39m
&amp#27;[35m[HTTP]&amp#27;[39m &amp#27;[37m-->&amp#27;[39m &amp#27;[37mPOST&amp#27;[39m &amp#27;[37m/wd/hub/session/64888050-4b31-4213-966a-71ff6308435f/element&amp#27;[39m
&amp#27;[35m[HTTP]&amp#27;[39m &amp#27;[90m{"using":"xpath","value":"//*[@text='Female']"}&amp#27;[39m
[debug] &amp#27;[35m[W3C (64888050)]&amp#27;[39m Calling AppiumDriver.findElement() with args: ["xpath","//*[@text='Female']","64888050-4b31-4213-966a-71ff6308435f"]
[debug] &amp#27;[35m[BaseDriver]&amp#27;[39m Valid locator strategies for this request: xpath, id, class name, accessibility id, -android uiautomator
[debug] &amp#27;[35m[BaseDriver]&amp#27;[39m Waiting up to 10000 ms for condition
[debug] &amp#27;[35m[WD Proxy]&amp#27;[39m Matched '/element' to command name 'findElement'
[debug] &amp#27;[35m[WD Proxy]&amp#27;[39m Proxying [POST /element] to [POST http://127.0.0.1:8208/wd/hub/session/25941aa1-3f6e-4dc4-90f3-f8cf02d9ddc1/element] with body: {"strategy":"xpath","selector":"//*[@text='Female']","context":"","multiple":false}
[debug] &amp#27;[35m[WD Proxy]&amp#27;[39m Got response with status 200: {"sessionId":"25941aa1-3f6e-4dc4-90f3-f8cf02d9ddc1","value":{"ELEMENT":"6c23d6a3-b15c-4c43-ae14-c3b981b01a73","element-6066-11e4-a52e-4f735466cecf":"6c23d6a3-b15c-4c43-ae14-c3b981b01a73"}}
[debug] &amp#27;[35m[W3C (64888050)]&amp#27;[39m Responding to client with driver.findElement() result: {"element-6066-11e4-a52e-4f735466cecf":"6c23d6a3-b15c-4c43-ae14-c3b981b01a73","ELEMENT":"6c23d6a3-b15c-4c43-ae14-c3b981b01a73"}
&amp#27;[35m[HTTP]&amp#27;[39m &amp#27;[37m<-- POST /wd/hub/session/64888050-4b31-4213-966a-71ff6308435f/element &amp#27;[39m&amp#27;[32m200&amp#27;[39m &amp#27;[90m484 ms - 137&amp#27;[39m
&amp#27;[35m[HTTP]&amp#27;[39m &amp#27;[90m&amp#27;[39m
&amp#27;[35m[HTTP]&amp#27;[39m &amp#27;[37m-->&amp#27;[39m &amp#27;[37mPOST&amp#27;[39m &amp#27;[37m/wd/hub/session/64888050-4b31-4213-966a-71ff6308435f/element/6c23d6a3-b15c-4c43-ae14-c3b981b01a73/click&amp#27;[39m
&amp#27;[35m[HTTP]&amp#27;[39m &amp#27;[90m{"id":"6c23d6a3-b15c-4c43-ae14-c3b981b01a73"}&amp#27;[39m
[debug] &amp#27;[35m[W3C (64888050)]&amp#27;[39m Calling AppiumDriver.click() with args: ["6c23d6a3-b15c-4c43-ae14-c3b981b01a73","64888050-4b31-4213-966a-71ff6308435f"]
[debug] &amp#27;[35m[WD Proxy]&amp#27;[39m Matched '/element/6c23d6a3-b15c-4c43-ae14-c3b981b01a73/click' to command name 'click'
[debug] &amp#27;[35m[WD Proxy]&amp#27;[39m Proxying [POST /element/6c23d6a3-b15c-4c43-ae14-c3b981b01a73/click] to [POST http://127.0.0.1:8208/wd/hub/session/25941aa1-3f6e-4dc4-90f3-f8cf02d9ddc1/element/6c23d6a3-b15c-4c43-ae14-c3b981b01a73/click] with body: {"element":"6c23d6a3-b15c-4c43-ae14-c3b981b01a73"}
[debug] &amp#27;[35m[WD Proxy]&amp#27;[39m Got response with status 200: {"sessionId":"25941aa1-3f6e-4dc4-90f3-f8cf02d9ddc1","value":null}
[debug] &amp#27;[35m[W3C (64888050)]&amp#27;[39m Responding to client with driver.click() result: null
&amp#27;[35m[HTTP]&amp#27;[39m &amp#27;[37m<-- POST /wd/hub/session/64888050-4b31-4213-966a-71ff6308435f/element/6c23d6a3-b15c-4c43-ae14-c3b981b01a73/click &amp#27;[39m&amp#27;[32m200&amp#27;[39m &amp#27;[90m69 ms - 14&amp#27;[39m
&amp#27;[35m[HTTP]&amp#27;[39m &amp#27;[90m&amp#27;[39m
&amp#27;[35m[HTTP]&amp#27;[39m &amp#27;[37m-->&amp#27;[39m &amp#27;[37mGET&amp#27;[39m &amp#27;[37m/wd/hub/session/64888050-4b31-4213-966a-71ff6308435f/context&amp#27;[39m
&amp#27;[35m[HTTP]&amp#27;[39m &amp#27;[90m{}&amp#27;[39m
[debug] &amp#27;[35m[W3C (64888050)]&amp#27;[39m Calling AppiumDriver.getCurrentContext() with args: ["64888050-4b31-4213-966a-71ff6308435f"]
[debug] &amp#27;[35m[W3C (64888050)]&amp#27;[39m Responding to client with driver.getCurrentContext() result: "NATIVE_APP"
&amp#27;[35m[HTTP]&amp#27;[39m &amp#27;[37m<-- GET /wd/hub/session/64888050-4b31-4213-966a-71ff6308435f/context &amp#27;[39m&amp#27;[32m200&amp#27;[39m &amp#27;[90m2 ms - 22&amp#27;[39m
&amp#27;[35m[HTTP]&amp#27;[39m &amp#27;[90m&amp#27;[39m
&amp#27;[35m[HTTP]&amp#27;[39m &amp#27;[37m-->&amp#27;[39m &amp#27;[37mPOST&amp#27;[39m &amp#27;[37m/wd/hub/session/64888050-4b31-4213-966a-71ff6308435f/element&amp#27;[39m
&amp#27;[35m[HTTP]&amp#27;[39m &amp#27;[90m{"using":"id","value":"android:id/text1"}&amp#27;[39m
[debug] &amp#27;[35m[W3C (64888050)]&amp#27;[39m Calling AppiumDriver.findElement() with args: ["id","android:id/text1","64888050-4b31-4213-966a-71ff6308435f"]
[debug] &amp#27;[35m[BaseDriver]&amp#27;[39m Valid locator strategies for this request: xpath, id, class name, accessibility id, -android uiautomator
[debug] &amp#27;[35m[BaseDriver]&amp#27;[39m Waiting up to 10000 ms for condition
[debug] &amp#27;[35m[WD Proxy]&amp#27;[39m Matched '/element' to command name 'findElement'
[debug] &amp#27;[35m[WD Proxy]&amp#27;[39m Proxying [POST /element] to [POST http://127.0.0.1:8208/wd/hub/session/25941aa1-3f6e-4dc4-90f3-f8cf02d9ddc1/element] with body: {"strategy":"id","selector":"android:id/text1","context":"","multiple":false}
[debug] &amp#27;[35m[WD Proxy]&amp#27;[39m Got response with status 200: {"sessionId":"25941aa1-3f6e-4dc4-90f3-f8cf02d9ddc1","value":{"ELEMENT":"bb33a3f5-1b12-4e36-8279-382fce70f5ba","element-6066-11e4-a52e-4f735466cecf":"bb33a3f5-1b12-4e36-8279-382fce70f5ba"}}
[debug] &amp#27;[35m[W3C (64888050)]&amp#27;[39m Responding to client with driver.findElement() result: {"element-6066-11e4-a52e-4f735466cecf":"bb33a3f5-1b12-4e36-8279-382fce70f5ba","ELEMENT":"bb33a3f5-1b12-4e36-8279-382fce70f5ba"}
&amp#27;[35m[HTTP]&amp#27;[39m &amp#27;[37m<-- POST /wd/hub/session/64888050-4b31-4213-966a-71ff6308435f/element &amp#27;[39m&amp#27;[32m200&amp#27;[39m &amp#27;[90m119 ms - 137&amp#27;[39m
&amp#27;[35m[HTTP]&amp#27;[39m &amp#27;[90m&amp#27;[39m
&amp#27;[35m[HTTP]&amp#27;[39m &amp#27;[37m-->&amp#27;[39m &amp#27;[37mPOST&amp#27;[39m &amp#27;[37m/wd/hub/session/64888050-4b31-4213-966a-71ff6308435f/element/bb33a3f5-1b12-4e36-8279-382fce70f5ba/click&amp#27;[39m
&amp#27;[35m[HTTP]&amp#27;[39m &amp#27;[90m{"id":"bb33a3f5-1b12-4e36-8279-382fce70f5ba"}&amp#27;[39m
[debug] &amp#27;[35m[W3C (64888050)]&amp#27;[39m Calling AppiumDriver.click() with args: ["bb33a3f5-1b12-4e36-8279-382fce70f5ba","64888050-4b31-4213-966a-71ff6308435f"]
[debug] &amp#27;[35m[WD Proxy]&amp#27;[39m Matched '/element/bb33a3f5-1b12-4e36-8279-382fce70f5ba/click' to command name 'click'
[debug] &amp#27;[35m[WD Proxy]&amp#27;[39m Proxying [POST /element/bb33a3f5-1b12-4e36-8279-382fce70f5ba/click] to [POST http://127.0.0.1:8208/wd/hub/session/25941aa1-3f6e-4dc4-90f3-f8cf02d9ddc1/element/bb33a3f5-1b12-4e36-8279-382fce70f5ba/click] with body: {"element":"bb33a3f5-1b12-4e36-8279-382fce70f5ba"}
[debug] &amp#27;[35m[WD Proxy]&amp#27;[39m Got response with status 200: {"sessionId":"25941aa1-3f6e-4dc4-90f3-f8cf02d9ddc1","value":null}
[debug] &amp#27;[35m[W3C (64888050)]&amp#27;[39m Responding to client with driver.click() result: null
&amp#27;[35m[HTTP]&amp#27;[39m &amp#27;[37m<-- POST /wd/hub/session/64888050-4b31-4213-966a-71ff6308435f/element/bb33a3f5-1b12-4e36-8279-382fce70f5ba/click &amp#27;[39m&amp#27;[32m200&amp#27;[39m &amp#27;[90m428 ms - 14&amp#27;[39m
&amp#27;[35m[HTTP]&amp#27;[39m &amp#27;[90m&amp#27;[39m
&amp#27;[35m[HTTP]&amp#27;[39m &amp#27;[37m-->&amp#27;[39m &amp#27;[37mPOST&amp#27;[39m &amp#27;[37m/wd/hub/session/64888050-4b31-4213-966a-71ff6308435f/elements&amp#27;[39m
&amp#27;[35m[HTTP]&amp#27;[39m &amp#27;[90m{"using":"-android uiautomator","value":"new UiScrollable(new UiSelector()).scrollIntoView(text(\"Canada\"));"}&amp#27;[39m
[debug] &amp#27;[35m[W3C (64888050)]&amp#27;[39m Calling AppiumDriver.findElements() with args: ["-android uiautomator","new UiScrollable(new UiSelector()).scrollIntoView(text(\"Canada\"));","64888050-4b31-4213-966a-71ff6308435f"]
[debug] &amp#27;[35m[BaseDriver]&amp#27;[39m Valid locator strategies for this request: xpath, id, class name, accessibility id, -android uiautomator
[debug] &amp#27;[35m[BaseDriver]&amp#27;[39m Waiting up to 10000 ms for condition
[debug] &amp#27;[35m[WD Proxy]&amp#27;[39m Matched '/elements' to command name 'findElements'
[debug] &amp#27;[35m[WD Proxy]&amp#27;[39m Proxying [POST /elements] to [POST http://127.0.0.1:8208/wd/hub/session/25941aa1-3f6e-4dc4-90f3-f8cf02d9ddc1/elements] with body: {"strategy":"-android uiautomator","selector":"new UiScrollable(new UiSelector()).scrollIntoView(text(\"Canada\"));","context":"","multiple":true}
[debug] &amp#27;[35m[WD Proxy]&amp#27;[39m Got response with status 200: {"sessionId":"25941aa1-3f6e-4dc4-90f3-f8cf02d9ddc1","value":[{"ELEMENT":"86df5a4e-98c4-41c1-8e0b-bb7276c09b64","element-6066-11e4-a52e-4f735466cecf":"86df5a4e-98c4-41c1-8e0b-bb7276c09b64"}]}
[debug] &amp#27;[35m[W3C (64888050)]&amp#27;[39m Responding to client with driver.findElements() result: [{"element-6066-11e4-a52e-4f735466cecf":"86df5a4e-98c4-41c1-8e0b-bb7276c09b64","ELEMENT":"86df5a4e-98c4-41c1-8e0b-bb7276c09b64"}]
&amp#27;[35m[HTTP]&amp#27;[39m &amp#27;[37m<-- POST /wd/hub/session/64888050-4b31-4213-966a-71ff6308435f/elements &amp#27;[39m&amp#27;[32m200&amp#27;[39m &amp#27;[90m12058 ms - 139&amp#27;[39m
&amp#27;[35m[HTTP]&amp#27;[39m &amp#27;[90m&amp#27;[39m
&amp#27;[35m[HTTP]&amp#27;[39m &amp#27;[37m-->&amp#27;[39m &amp#27;[37mGET&amp#27;[39m &amp#27;[37m/wd/hub/session/64888050-4b31-4213-966a-71ff6308435f/context&amp#27;[39m
&amp#27;[35m[HTTP]&amp#27;[39m &amp#27;[90m{}&amp#27;[39m
[debug] &amp#27;[35m[W3C (64888050)]&amp#27;[39m Calling AppiumDriver.getCurrentContext() with args: ["64888050-4b31-4213-966a-71ff6308435f"]
[debug] &amp#27;[35m[W3C (64888050)]&amp#27;[39m Responding to client with driver.getCurrentContext() result: "NATIVE_APP"
&amp#27;[35m[HTTP]&amp#27;[39m &amp#27;[37m<-- GET /wd/hub/session/64888050-4b31-4213-966a-71ff6308435f/context &amp#27;[39m&amp#27;[32m200&amp#27;[39m &amp#27;[90m2 ms - 22&amp#27;[39m
&amp#27;[35m[HTTP]&amp#27;[39m &amp#27;[90m&amp#27;[39m
&amp#27;[35m[HTTP]&amp#27;[39m &amp#27;[37m-->&amp#27;[39m &amp#27;[37mPOST&amp#27;[39m &amp#27;[37m/wd/hub/session/64888050-4b31-4213-966a-71ff6308435f/element&amp#27;[39m
&amp#27;[35m[HTTP]&amp#27;[39m &amp#27;[90m{"using":"xpath","value":"//*[@text='Canada']"}&amp#27;[39m
[debug] &amp#27;[35m[W3C (64888050)]&amp#27;[39m Calling AppiumDriver.findElement() with args: ["xpath","//*[@text='Canada']","64888050-4b31-4213-966a-71ff6308435f"]
[debug] &amp#27;[35m[BaseDriver]&amp#27;[39m Valid locator strategies for this request: xpath, id, class name, accessibility id, -android uiautomator
[debug] &amp#27;[35m[BaseDriver]&amp#27;[39m Waiting up to 10000 ms for condition
[debug] &amp#27;[35m[WD Proxy]&amp#27;[39m Matched '/element' to command name 'findElement'
[debug] &amp#27;[35m[WD Proxy]&amp#27;[39m Proxying [POST /element] to [POST http://127.0.0.1:8208/wd/hub/session/25941aa1-3f6e-4dc4-90f3-f8cf02d9ddc1/element] with body: {"strategy":"xpath","selector":"//*[@text='Canada']","context":"","multiple":false}
[debug] &amp#27;[35m[WD Proxy]&amp#27;[39m Got response with status 200: {"sessionId":"25941aa1-3f6e-4dc4-90f3-f8cf02d9ddc1","value":{"ELEMENT":"2c9271a4-eb6a-4281-b61b-1dfdb38a84e8","element-6066-11e4-a52e-4f735466cecf":"2c9271a4-eb6a-4281-b61b-1dfdb38a84e8"}}
[debug] &amp#27;[35m[W3C (64888050)]&amp#27;[39m Responding to client with driver.findElement() result: {"element-6066-11e4-a52e-4f735466cecf":"2c9271a4-eb6a-4281-b61b-1dfdb38a84e8","ELEMENT":"2c9271a4-eb6a-4281-b61b-1dfdb38a84e8"}
&amp#27;[35m[HTTP]&amp#27;[39m &amp#27;[37m<-- POST /wd/hub/session/64888050-4b31-4213-966a-71ff6308435f/element &amp#27;[39m&amp#27;[32m200&amp#27;[39m &amp#27;[90m113 ms - 137&amp#27;[39m
&amp#27;[35m[HTTP]&amp#27;[39m &amp#27;[90m&amp#27;[39m
&amp#27;[35m[HTTP]&amp#27;[39m &amp#27;[37m-->&amp#27;[39m &amp#27;[37mPOST&amp#27;[39m &amp#27;[37m/wd/hub/session/64888050-4b31-4213-966a-71ff6308435f/element/2c9271a4-eb6a-4281-b61b-1dfdb38a84e8/click&amp#27;[39m
&amp#27;[35m[HTTP]&amp#27;[39m &amp#27;[90m{"id":"2c9271a4-eb6a-4281-b61b-1dfdb38a84e8"}&amp#27;[39m
[debug] &amp#27;[35m[W3C (64888050)]&amp#27;[39m Calling AppiumDriver.click() with args: ["2c9271a4-eb6a-4281-b61b-1dfdb38a84e8","64888050-4b31-4213-966a-71ff6308435f"]
[debug] &amp#27;[35m[WD Proxy]&amp#27;[39m Matched '/element/2c9271a4-eb6a-4281-b61b-1dfdb38a84e8/click' to command name 'click'
[debug] &amp#27;[35m[WD Proxy]&amp#27;[39m Proxying [POST /element/2c9271a4-eb6a-4281-b61b-1dfdb38a84e8/click] to [POST http://127.0.0.1:8208/wd/hub/session/25941aa1-3f6e-4dc4-90f3-f8cf02d9ddc1/element/2c9271a4-eb6a-4281-b61b-1dfdb38a84e8/click] with body: {"element":"2c9271a4-eb6a-4281-b61b-1dfdb38a84e8"}
[debug] &amp#27;[35m[WD Proxy]&amp#27;[39m Got response with status 200: {"sessionId":"25941aa1-3f6e-4dc4-90f3-f8cf02d9ddc1","value":null}
[debug] &amp#27;[35m[W3C (64888050)]&amp#27;[39m Responding to client with driver.click() result: null
&amp#27;[35m[HTTP]&amp#27;[39m &amp#27;[37m<-- POST /wd/hub/session/64888050-4b31-4213-966a-71ff6308435f/element/2c9271a4-eb6a-4281-b61b-1dfdb38a84e8/click &amp#27;[39m&amp#27;[32m200&amp#27;[39m &amp#27;[90m785 ms - 14&amp#27;[39m
&amp#27;[35m[HTTP]&amp#27;[39m &amp#27;[90m&amp#27;[39m
&amp#27;[35m[HTTP]&amp#27;[39m &amp#27;[37m-->&amp#27;[39m &amp#27;[37mGET&amp#27;[39m &amp#27;[37m/wd/hub/session/64888050-4b31-4213-966a-71ff6308435f/context&amp#27;[39m
&amp#27;[35m[HTTP]&amp#27;[39m &amp#27;[90m{}&amp#27;[39m
[debug] &amp#27;[35m[W3C (64888050)]&amp#27;[39m Calling AppiumDriver.getCurrentContext() with args: ["64888050-4b31-4213-966a-71ff6308435f"]
[debug] &amp#27;[35m[W3C (64888050)]&amp#27;[39m Responding to client with driver.getCurrentContext() result: "NATIVE_APP"
&amp#27;[35m[HTTP]&amp#27;[39m &amp#27;[37m<-- GET /wd/hub/session/64888050-4b31-4213-966a-71ff6308435f/context &amp#27;[39m&amp#27;[32m200&amp#27;[39m &amp#27;[90m1 ms - 22&amp#27;[39m
&amp#27;[35m[HTTP]&amp#27;[39m &amp#27;[90m&amp#27;[39m
&amp#27;[35m[HTTP]&amp#27;[39m &amp#27;[37m-->&amp#27;[39m &amp#27;[37mPOST&amp#27;[39m &amp#27;[37m/wd/hub/session/64888050-4b31-4213-966a-71ff6308435f/element&amp#27;[39m
&amp#27;[35m[HTTP]&amp#27;[39m &amp#27;[90m{"using":"id","value":"com.androidsample.generalstore:id/btnLetsShop"}&amp#27;[39m
[debug] &amp#27;[35m[W3C (64888050)]&amp#27;[39m Calling AppiumDriver.findElement() with args: ["id","com.androidsample.generalstore:id/btnLetsShop","64888050-4b31-4213-966a-71ff6308435f"]
[debug] &amp#27;[35m[BaseDriver]&amp#27;[39m Valid locator strategies for this request: xpath, id, class name, accessibility id, -android uiautomator
[debug] &amp#27;[35m[BaseDriver]&amp#27;[39m Waiting up to 10000 ms for condition
[debug] &amp#27;[35m[WD Proxy]&amp#27;[39m Matched '/element' to command name 'findElement'
[debug] &amp#27;[35m[WD Proxy]&amp#27;[39m Proxying [POST /element] to [POST http://127.0.0.1:8208/wd/hub/session/25941aa1-3f6e-4dc4-90f3-f8cf02d9ddc1/element] with body: {"strategy":"id","selector":"com.androidsample.generalstore:id/btnLetsShop","context":"","multiple":false}
[debug] &amp#27;[35m[WD Proxy]&amp#27;[39m Got response with status 200: {"sessionId":"25941aa1-3f6e-4dc4-90f3-f8cf02d9ddc1","value":{"ELEMENT":"6ff306e7-bc34-4276-a497-3775441efc1b","element-6066-11e4-a52e-4f735466cecf":"6ff306e7-bc34-4276-a497-3775441efc1b"}}
[debug] &amp#27;[35m[W3C (64888050)]&amp#27;[39m Responding to client with driver.findElement() result: {"element-6066-11e4-a52e-4f735466cecf":"6ff306e7-bc34-4276-a497-3775441efc1b","ELEMENT":"6ff306e7-bc34-4276-a497-3775441efc1b"}
&amp#27;[35m[HTTP]&amp#27;[39m &amp#27;[37m<-- POST /wd/hub/session/64888050-4b31-4213-966a-71ff6308435f/element &amp#27;[39m&amp#27;[32m200&amp#27;[39m &amp#27;[90m28 ms - 137&amp#27;[39m
&amp#27;[35m[HTTP]&amp#27;[39m &amp#27;[90m&amp#27;[39m
&amp#27;[35m[HTTP]&amp#27;[39m &amp#27;[37m-->&amp#27;[39m &amp#27;[37mPOST&amp#27;[39m &amp#27;[37m/wd/hub/session/64888050-4b31-4213-966a-71ff6308435f/element/6ff306e7-bc34-4276-a497-3775441efc1b/click&amp#27;[39m
&amp#27;[35m[HTTP]&amp#27;[39m &amp#27;[90m{"id":"6ff306e7-bc34-4276-a497-3775441efc1b"}&amp#27;[39m
[debug] &amp#27;[35m[W3C (64888050)]&amp#27;[39m Calling AppiumDriver.click() with args: ["6ff306e7-bc34-4276-a497-3775441efc1b","64888050-4b31-4213-966a-71ff6308435f"]
[debug] &amp#27;[35m[WD Proxy]&amp#27;[39m Matched '/element/6ff306e7-bc34-4276-a497-3775441efc1b/click' to command name 'click'
[debug] &amp#27;[35m[WD Proxy]&amp#27;[39m Proxying [POST /element/6ff306e7-bc34-4276-a497-3775441efc1b/click] to [POST http://127.0.0.1:8208/wd/hub/session/25941aa1-3f6e-4dc4-90f3-f8cf02d9ddc1/element/6ff306e7-bc34-4276-a497-3775441efc1b/click] with body: {"element":"6ff306e7-bc34-4276-a497-3775441efc1b"}
[debug] &amp#27;[35m[WD Proxy]&amp#27;[39m Got response with status 200: {"sessionId":"25941aa1-3f6e-4dc4-90f3-f8cf02d9ddc1","value":null}
[debug] &amp#27;[35m[W3C (64888050)]&amp#27;[39m Responding to client with driver.click() result: null
&amp#27;[35m[HTTP]&amp#27;[39m &amp#27;[37m<-- POST /wd/hub/session/64888050-4b31-4213-966a-71ff6308435f/element/6ff306e7-bc34-4276-a497-3775441efc1b/click &amp#27;[39m&amp#27;[32m200&amp#27;[39m &amp#27;[90m55 ms - 14&amp#27;[39m
&amp#27;[35m[HTTP]&amp#27;[39m &amp#27;[90m&amp#27;[39m
&amp#27;[35m[HTTP]&amp#27;[39m &amp#27;[37m-->&amp#27;[39m &amp#27;[37mPOST&amp#27;[39m &amp#27;[37m/wd/hub/session/64888050-4b31-4213-966a-71ff6308435f/element&amp#27;[39m
&amp#27;[35m[HTTP]&amp#27;[39m &amp#27;[90m{"using":"-android uiautomator","value":"new UiScrollable(new UiSelector().resourceId(\"com.androidsample.generalstore:id/rvProductList\")).scrollIntoView(new UiSelector().textMatches(\"Jordan 6 Rings\").instance(0))"}&amp#27;[39m
[debug] &amp#27;[35m[W3C (64888050)]&amp#27;[39m Calling AppiumDriver.findElement() with args: ["-android uiautomator","new UiScrollable(new UiSelector().resourceId(\"com.androidsample.generalstore:id/rvProductList\")).scrollIntoView(new UiSelector().textMatches(\"Jordan 6 Rings\").instance(0))","64888050-4b31-4213-966a-71ff6308435f"]
[debug] &amp#27;[35m[BaseDriver]&amp#27;[39m Valid locator strategies for this request: xpath, id, class name, accessibility id, -android uiautomator
[debug] &amp#27;[35m[BaseDriver]&amp#27;[39m Waiting up to 10000 ms for condition
[debug] &amp#27;[35m[WD Proxy]&amp#27;[39m Matched '/element' to command name 'findElement'
[debug] &amp#27;[35m[WD Proxy]&amp#27;[39m Proxying [POST /element] to [POST http://127.0.0.1:8208/wd/hub/session/25941aa1-3f6e-4dc4-90f3-f8cf02d9ddc1/element] with body: {"strategy":"-android uiautomator","selector":"new UiScrollable(new UiSelector().resourceId(\"com.androidsample.generalstore:id/rvProductList\")).scrollIntoView(new UiSelector().textMatches(\"Jordan 6 Rings\").instance(0))","context":"","multiple":false}
[debug] &amp#27;[35m[WD Proxy]&amp#27;[39m Got response with status 200: {"sessionId":"25941aa1-3f6e-4dc4-90f3-f8cf02d9ddc1","value":{"ELEMENT":"a0df8e2d-bc2e-49fe-9941-e73c654773fe","element-6066-11e4-a52e-4f735466cecf":"a0df8e2d-bc2e-49fe-9941-e73c654773fe"}}
[debug] &amp#27;[35m[W3C (64888050)]&amp#27;[39m Responding to client with driver.findElement() result: {"element-6066-11e4-a52e-4f735466cecf":"a0df8e2d-bc2e-49fe-9941-e73c654773fe","ELEMENT":"a0df8e2d-bc2e-49fe-9941-e73c654773fe"}
&amp#27;[35m[HTTP]&amp#27;[39m &amp#27;[37m<-- POST /wd/hub/session/64888050-4b31-4213-966a-71ff6308435f/element &amp#27;[39m&amp#27;[32m200&amp#27;[39m &amp#27;[90m6213 ms - 137&amp#27;[39m
&amp#27;[35m[HTTP]&amp#27;[39m &amp#27;[90m&amp#27;[39m
&amp#27;[35m[HTTP]&amp#27;[39m &amp#27;[37m-->&amp#27;[39m &amp#27;[37mGET&amp#27;[39m &amp#27;[37m/wd/hub/session/64888050-4b31-4213-966a-71ff6308435f/context&amp#27;[39m
&amp#27;[35m[HTTP]&amp#27;[39m &amp#27;[90m{}&amp#27;[39m
[debug] &amp#27;[35m[W3C (64888050)]&amp#27;[39m Calling AppiumDriver.getCurrentContext() with args: ["64888050-4b31-4213-966a-71ff6308435f"]
[debug] &amp#27;[35m[W3C (64888050)]&amp#27;[39m Responding to client with driver.getCurrentContext() result: "NATIVE_APP"
&amp#27;[35m[HTTP]&amp#27;[39m &amp#27;[37m<-- GET /wd/hub/session/64888050-4b31-4213-966a-71ff6308435f/context &amp#27;[39m&amp#27;[32m200&amp#27;[39m &amp#27;[90m3 ms - 22&amp#27;[39m
&amp#27;[35m[HTTP]&amp#27;[39m &amp#27;[90m&amp#27;[39m
&amp#27;[35m[HTTP]&amp#27;[39m &amp#27;[37m-->&amp#27;[39m &amp#27;[37mPOST&amp#27;[39m &amp#27;[37m/wd/hub/session/64888050-4b31-4213-966a-71ff6308435f/elements&amp#27;[39m
&amp#27;[35m[HTTP]&amp#27;[39m &amp#27;[90m{"using":"id","value":"com.androidsample.generalstore:id/productName"}&amp#27;[39m
[debug] &amp#27;[35m[W3C (64888050)]&amp#27;[39m Calling AppiumDriver.findElements() with args: ["id","com.androidsample.generalstore:id/productName","64888050-4b31-4213-966a-71ff6308435f"]
[debug] &amp#27;[35m[BaseDriver]&amp#27;[39m Valid locator strategies for this request: xpath, id, class name, accessibility id, -android uiautomator
[debug] &amp#27;[35m[BaseDriver]&amp#27;[39m Waiting up to 10000 ms for condition
[debug] &amp#27;[35m[WD Proxy]&amp#27;[39m Matched '/elements' to command name 'findElements'
[debug] &amp#27;[35m[WD Proxy]&amp#27;[39m Proxying [POST /elements] to [POST http://127.0.0.1:8208/wd/hub/session/25941aa1-3f6e-4dc4-90f3-f8cf02d9ddc1/elements] with body: {"strategy":"id","selector":"com.androidsample.generalstore:id/productName","context":"","multiple":true}
[debug] &amp#27;[35m[WD Proxy]&amp#27;[39m Got response with status 200: {"sessionId":"25941aa1-3f6e-4dc4-90f3-f8cf02d9ddc1","value":[{"ELEMENT":"93d93134-6841-4c12-b1ab-a61849f2aac1","element-6066-11e4-a52e-4f735466cecf":"93d93134-6841-4c12-b1ab-a61849f2aac1"},{"ELEMENT":"7dbc0457-013c-462e-a007-56c9a748a7ad","element-6066-11e4-a52e-4f735466cecf":"7dbc0457-013c-462e-a007-56c9a748a7ad"}]}
[debug] &amp#27;[35m[W3C (64888050)]&amp#27;[39m Responding to client with driver.findElements() result: [{"element-6066-11e4-a52e-4f735466cecf":"93d93134-6841-4c12-b1ab-a61849f2aac1","ELEMENT":"93d93134-6841-4c12-b1ab-a61849f2aac1"},{"element-6066-11e4-a52e-4f735466cecf":"7dbc0457-013c-462e-a007-56c9a748a7ad","ELEMENT":"7dbc0457-013c-462e-a007-56c9a748a7ad"}]
&amp#27;[35m[HTTP]&amp#27;[39m &amp#27;[37m<-- POST /wd/hub/session/64888050-4b31-4213-966a-71ff6308435f/elements &amp#27;[39m&amp#27;[32m200&amp#27;[39m &amp#27;[90m32 ms - 267&amp#27;[39m
&amp#27;[35m[HTTP]&amp#27;[39m &amp#27;[90m&amp#27;[39m
&amp#27;[35m[HTTP]&amp#27;[39m &amp#27;[37m-->&amp#27;[39m &amp#27;[37mGET&amp#27;[39m &amp#27;[37m/wd/hub/session/64888050-4b31-4213-966a-71ff6308435f/context&amp#27;[39m
&amp#27;[35m[HTTP]&amp#27;[39m &amp#27;[90m{}&amp#27;[39m
[debug] &amp#27;[35m[W3C (64888050)]&amp#27;[39m Calling AppiumDriver.getCurrentContext() with args: ["64888050-4b31-4213-966a-71ff6308435f"]
[debug] &amp#27;[35m[W3C (64888050)]&amp#27;[39m Responding to client with driver.getCurrentContext() result: "NATIVE_APP"
&amp#27;[35m[HTTP]&amp#27;[39m &amp#27;[37m<-- GET /wd/hub/session/64888050-4b31-4213-966a-71ff6308435f/context &amp#27;[39m&amp#27;[32m200&amp#27;[39m &amp#27;[90m2 ms - 22&amp#27;[39m
&amp#27;[35m[HTTP]&amp#27;[39m &amp#27;[90m&amp#27;[39m
&amp#27;[35m[HTTP]&amp#27;[39m &amp#27;[37m-->&amp#27;[39m &amp#27;[37mPOST&amp#27;[39m &amp#27;[37m/wd/hub/session/64888050-4b31-4213-966a-71ff6308435f/elements&amp#27;[39m
&amp#27;[35m[HTTP]&amp#27;[39m &amp#27;[90m{"using":"id","value":"com.androidsample.generalstore:id/productAddCart"}&amp#27;[39m
[debug] &amp#27;[35m[W3C (64888050)]&amp#27;[39m Calling AppiumDriver.findElements() with args: ["id","com.androidsample.generalstore:id/productAddCart","64888050-4b31-4213-966a-71ff6308435f"]
[debug] &amp#27;[35m[BaseDriver]&amp#27;[39m Valid locator strategies for this request: xpath, id, class name, accessibility id, -android uiautomator
[debug] &amp#27;[35m[BaseDriver]&amp#27;[39m Waiting up to 10000 ms for condition
[debug] &amp#27;[35m[WD Proxy]&amp#27;[39m Matched '/elements' to command name 'findElements'
[debug] &amp#27;[35m[WD Proxy]&amp#27;[39m Proxying [POST /elements] to [POST http://127.0.0.1:8208/wd/hub/session/25941aa1-3f6e-4dc4-90f3-f8cf02d9ddc1/elements] with body: {"strategy":"id","selector":"com.androidsample.generalstore:id/productAddCart","context":"","multiple":true}
[debug] &amp#27;[35m[WD Proxy]&amp#27;[39m Got response with status 200: {"sessionId":"25941aa1-3f6e-4dc4-90f3-f8cf02d9ddc1","value":[{"ELEMENT":"cd6f0888-bf88-43ec-8da5-2c67898089a6","element-6066-11e4-a52e-4f735466cecf":"cd6f0888-bf88-43ec-8da5-2c67898089a6"},{"ELEMENT":"abd6235d-7096-4b36-9f18-7fe59b0da880","element-6066-11e4-a52e-4f735466cecf":"abd6235d-7096-4b36-9f18-7fe59b0da880"},{"ELEMENT":"1164dbfb-977c-4063-aefe-ec5c6148a955","element-6066-11e4-a52e-4f735466cecf":"1164dbfb-977c-4063-aefe-ec5c6148a955"}]}
[debug] &amp#27;[35m[W3C (64888050)]&amp#27;[39m Responding to client with driver.findElements() result: [{"element-6066-11e4-a52e-4f735466cecf":"cd6f0888-bf88-43ec-8da5-2c67898089a6","ELEMENT":"cd6f0888-bf88-43ec-8da5-2c67898089a6"},{"element-6066-11e4-a52e-4f735466cecf":"abd6235d-7096-4b36-9f18-7fe59b0da880","ELEMENT":"abd6235d-7096-4b36-9f18-7fe59b0da880"},{"element-6066-11e4-a52e-4f735466cecf":"1164dbfb-977c-4063-aefe-ec5c6148a955","ELEMENT":"1164dbfb-977c-4063-aefe-ec5c6148a955"}]
&amp#27;[35m[HTTP]&amp#27;[39m &amp#27;[37m<-- POST /wd/hub/session/64888050-4b31-4213-966a-71ff6308435f/elements &amp#27;[39m&amp#27;[32m200&amp#27;[39m &amp#27;[90m28 ms - 395&amp#27;[39m
&amp#27;[35m[HTTP]&amp#27;[39m &amp#27;[90m&amp#27;[39m
&amp#27;[35m[HTTP]&amp#27;[39m &amp#27;[37m-->&amp#27;[39m &amp#27;[37mPOST&amp#27;[39m &amp#27;[37m/wd/hub/session/64888050-4b31-4213-966a-71ff6308435f/element/cd6f0888-bf88-43ec-8da5-2c67898089a6/click&amp#27;[39m
&amp#27;[35m[HTTP]&amp#27;[39m &amp#27;[90m{"id":"cd6f0888-bf88-43ec-8da5-2c67898089a6"}&amp#27;[39m
[debug] &amp#27;[35m[W3C (64888050)]&amp#27;[39m Calling AppiumDriver.click() with args: ["cd6f0888-bf88-43ec-8da5-2c67898089a6","64888050-4b31-4213-966a-71ff6308435f"]
[debug] &amp#27;[35m[WD Proxy]&amp#27;[39m Matched '/element/cd6f0888-bf88-43ec-8da5-2c67898089a6/click' to command name 'click'
[debug] &amp#27;[35m[WD Proxy]&amp#27;[39m Proxying [POST /element/cd6f0888-bf88-43ec-8da5-2c67898089a6/click] to [POST http://127.0.0.1:8208/wd/hub/session/25941aa1-3f6e-4dc4-90f3-f8cf02d9ddc1/element/cd6f0888-bf88-43ec-8da5-2c67898089a6/click] with body: {"element":"cd6f0888-bf88-43ec-8da5-2c67898089a6"}
[debug] &amp#27;[35m[WD Proxy]&amp#27;[39m Got response with status 200: {"sessionId":"25941aa1-3f6e-4dc4-90f3-f8cf02d9ddc1","value":null}
[debug] &amp#27;[35m[W3C (64888050)]&amp#27;[39m Responding to client with driver.click() result: null
&amp#27;[35m[HTTP]&amp#27;[39m &amp#27;[37m<-- POST /wd/hub/session/64888050-4b31-4213-966a-71ff6308435f/element/cd6f0888-bf88-43ec-8da5-2c67898089a6/click &amp#27;[39m&amp#27;[32m200&amp#27;[39m &amp#27;[90m540 ms - 14&amp#27;[39m
&amp#27;[35m[HTTP]&amp#27;[39m &amp#27;[90m&amp#27;[39m
&amp#27;[35m[HTTP]&amp#27;[39m &amp#27;[37m-->&amp#27;[39m &amp#27;[37mGET&amp#27;[39m &amp#27;[37m/wd/hub/session/64888050-4b31-4213-966a-71ff6308435f/context&amp#27;[39m
&amp#27;[35m[HTTP]&amp#27;[39m &amp#27;[90m{}&amp#27;[39m
[debug] &amp#27;[35m[W3C (64888050)]&amp#27;[39m Calling AppiumDriver.getCurrentContext() with args: ["64888050-4b31-4213-966a-71ff6308435f"]
[debug] &amp#27;[35m[W3C (64888050)]&amp#27;[39m Responding to client with driver.getCurrentContext() result: "NATIVE_APP"
&amp#27;[35m[HTTP]&amp#27;[39m &amp#27;[37m<-- GET /wd/hub/session/64888050-4b31-4213-966a-71ff6308435f/context &amp#27;[39m&amp#27;[32m200&amp#27;[39m &amp#27;[90m2 ms - 22&amp#27;[39m
&amp#27;[35m[HTTP]&amp#27;[39m &amp#27;[90m&amp#27;[39m
&amp#27;[35m[HTTP]&amp#27;[39m &amp#27;[37m-->&amp#27;[39m &amp#27;[37mPOST&amp#27;[39m &amp#27;[37m/wd/hub/session/64888050-4b31-4213-966a-71ff6308435f/elements&amp#27;[39m
&amp#27;[35m[HTTP]&amp#27;[39m &amp#27;[90m{"using":"id","value":"com.androidsample.generalstore:id/productAddCart"}&amp#27;[39m
[debug] &amp#27;[35m[W3C (64888050)]&amp#27;[39m Calling AppiumDriver.findElements() with args: ["id","com.androidsample.generalstore:id/productAddCart","64888050-4b31-4213-966a-71ff6308435f"]
[debug] &amp#27;[35m[BaseDriver]&amp#27;[39m Valid locator strategies for this request: xpath, id, class name, accessibility id, -android uiautomator
[debug] &amp#27;[35m[BaseDriver]&amp#27;[39m Waiting up to 10000 ms for condition
[debug] &amp#27;[35m[WD Proxy]&amp#27;[39m Matched '/elements' to command name 'findElements'
[debug] &amp#27;[35m[WD Proxy]&amp#27;[39m Proxying [POST /elements] to [POST http://127.0.0.1:8208/wd/hub/session/25941aa1-3f6e-4dc4-90f3-f8cf02d9ddc1/elements] with body: {"strategy":"id","selector":"com.androidsample.generalstore:id/productAddCart","context":"","multiple":true}
[debug] &amp#27;[35m[WD Proxy]&amp#27;[39m Got response with status 200: {"sessionId":"25941aa1-3f6e-4dc4-90f3-f8cf02d9ddc1","value":[{"ELEMENT":"ac7fb10f-3ab1-4f46-8200-2393373e6815","element-6066-11e4-a52e-4f735466cecf":"ac7fb10f-3ab1-4f46-8200-2393373e6815"},{"ELEMENT":"0949ea69-7f6c-40be-a680-964715cc646f","element-6066-11e4-a52e-4f735466cecf":"0949ea69-7f6c-40be-a680-964715cc646f"},{"ELEMENT":"b839aad7-db42-42d5-9ad6-6a5ab1a69fd4","element-6066-11e4-a52e-4f735466cecf":"b839aad7-db42-42d5-9ad6-6a5ab1a69fd4"}]}
[debug] &amp#27;[35m[W3C (64888050)]&amp#27;[39m Responding to client with driver.findElements() result: [{"element-6066-11e4-a52e-4f735466cecf":"ac7fb10f-3ab1-4f46-8200-2393373e6815","ELEMENT":"ac7fb10f-3ab1-4f46-8200-2393373e6815"},{"element-6066-11e4-a52e-4f735466cecf":"0949ea69-7f6c-40be-a680-964715cc646f","ELEMENT":"0949ea69-7f6c-40be-a680-964715cc646f"},{"element-6066-11e4-a52e-4f735466cecf":"b839aad7-db42-42d5-9ad6-6a5ab1a69fd4","ELEMENT":"b839aad7-db42-42d5-9ad6-6a5ab1a69fd4"}]
&amp#27;[35m[HTTP]&amp#27;[39m &amp#27;[37m<-- POST /wd/hub/session/64888050-4b31-4213-966a-71ff6308435f/elements &amp#27;[39m&amp#27;[32m200&amp#27;[39m &amp#27;[90m25 ms - 395&amp#27;[39m
&amp#27;[35m[HTTP]&amp#27;[39m &amp#27;[90m&amp#27;[39m
&amp#27;[35m[HTTP]&amp#27;[39m &amp#27;[37m-->&amp#27;[39m &amp#27;[37mPOST&amp#27;[39m &amp#27;[37m/wd/hub/session/64888050-4b31-4213-966a-71ff6308435f/element/0949ea69-7f6c-40be-a680-964715cc646f/click&amp#27;[39m
&amp#27;[35m[HTTP]&amp#27;[39m &amp#27;[90m{"id":"0949ea69-7f6c-40be-a680-964715cc646f"}&amp#27;[39m
[debug] &amp#27;[35m[W3C (64888050)]&amp#27;[39m Calling AppiumDriver.click() with args: ["0949ea69-7f6c-40be-a680-964715cc646f","64888050-4b31-4213-966a-71ff6308435f"]
[debug] &amp#27;[35m[WD Proxy]&amp#27;[39m Matched '/element/0949ea69-7f6c-40be-a680-964715cc646f/click' to command name 'click'
[debug] &amp#27;[35m[WD Proxy]&amp#27;[39m Proxying [POST /element/0949ea69-7f6c-40be-a680-964715cc646f/click] to [POST http://127.0.0.1:8208/wd/hub/session/25941aa1-3f6e-4dc4-90f3-f8cf02d9ddc1/element/0949ea69-7f6c-40be-a680-964715cc646f/click] with body: {"element":"0949ea69-7f6c-40be-a680-964715cc646f"}
[debug] &amp#27;[35m[WD Proxy]&amp#27;[39m Got response with status 200: {"sessionId":"25941aa1-3f6e-4dc4-90f3-f8cf02d9ddc1","value":null}
[debug] &amp#27;[35m[W3C (64888050)]&amp#27;[39m Responding to client with driver.click() result: null
&amp#27;[35m[HTTP]&amp#27;[39m &amp#27;[37m<-- POST /wd/hub/session/64888050-4b31-4213-966a-71ff6308435f/element/0949ea69-7f6c-40be-a680-964715cc646f/click &amp#27;[39m&amp#27;[32m200&amp#27;[39m &amp#27;[90m63 ms - 14&amp#27;[39m
&amp#27;[35m[HTTP]&amp#27;[39m &amp#27;[90m&amp#27;[39m
&amp#27;[35m[HTTP]&amp#27;[39m &amp#27;[37m-->&amp#27;[39m &amp#27;[37mGET&amp#27;[39m &amp#27;[37m/wd/hub/session/64888050-4b31-4213-966a-71ff6308435f/context&amp#27;[39m
&amp#27;[35m[HTTP]&amp#27;[39m &amp#27;[90m{}&amp#27;[39m
[debug] &amp#27;[35m[W3C (64888050)]&amp#27;[39m Calling AppiumDriver.getCurrentContext() with args: ["64888050-4b31-4213-966a-71ff6308435f"]
[debug] &amp#27;[35m[W3C (64888050)]&amp#27;[39m Responding to client with driver.getCurrentContext() result: "NATIVE_APP"
&amp#27;[35m[HTTP]&amp#27;[39m &amp#27;[37m<-- GET /wd/hub/session/64888050-4b31-4213-966a-71ff6308435f/context &amp#27;[39m&amp#27;[32m200&amp#27;[39m &amp#27;[90m3 ms - 22&amp#27;[39m
&amp#27;[35m[HTTP]&amp#27;[39m &amp#27;[90m&amp#27;[39m
&amp#27;[35m[HTTP]&amp#27;[39m &amp#27;[37m-->&amp#27;[39m &amp#27;[37mPOST&amp#27;[39m &amp#27;[37m/wd/hub/session/64888050-4b31-4213-966a-71ff6308435f/element&amp#27;[39m
&amp#27;[35m[HTTP]&amp#27;[39m &amp#27;[90m{"using":"id","value":"com.androidsample.generalstore:id/appbar_btn_cart"}&amp#27;[39m
[debug] &amp#27;[35m[W3C (64888050)]&amp#27;[39m Calling AppiumDriver.findElement() with args: ["id","com.androidsample.generalstore:id/appbar_btn_cart","64888050-4b31-4213-966a-71ff6308435f"]
[debug] &amp#27;[35m[BaseDriver]&amp#27;[39m Valid locator strategies for this request: xpath, id, class name, accessibility id, -android uiautomator
[debug] &amp#27;[35m[BaseDriver]&amp#27;[39m Waiting up to 10000 ms for condition
[debug] &amp#27;[35m[WD Proxy]&amp#27;[39m Matched '/element' to command name 'findElement'
[debug] &amp#27;[35m[WD Proxy]&amp#27;[39m Proxying [POST /element] to [POST http://127.0.0.1:8208/wd/hub/session/25941aa1-3f6e-4dc4-90f3-f8cf02d9ddc1/element] with body: {"strategy":"id","selector":"com.androidsample.generalstore:id/appbar_btn_cart","context":"","multiple":false}
[debug] &amp#27;[35m[WD Proxy]&amp#27;[39m Got response with status 200: {"sessionId":"25941aa1-3f6e-4dc4-90f3-f8cf02d9ddc1","value":{"ELEMENT":"cb9f0c92-3d48-47d4-9278-f8cbf8db62e8","element-6066-11e4-a52e-4f735466cecf":"cb9f0c92-3d48-47d4-9278-f8cbf8db62e8"}}
[debug] &amp#27;[35m[W3C (64888050)]&amp#27;[39m Responding to client with driver.findElement() result: {"element-6066-11e4-a52e-4f735466cecf":"cb9f0c92-3d48-47d4-9278-f8cbf8db62e8","ELEMENT":"cb9f0c92-3d48-47d4-9278-f8cbf8db62e8"}
&amp#27;[35m[HTTP]&amp#27;[39m &amp#27;[37m<-- POST /wd/hub/session/64888050-4b31-4213-966a-71ff6308435f/element &amp#27;[39m&amp#27;[32m200&amp#27;[39m &amp#27;[90m485 ms - 137&amp#27;[39m
&amp#27;[35m[HTTP]&amp#27;[39m &amp#27;[90m&amp#27;[39m
&amp#27;[35m[HTTP]&amp#27;[39m &amp#27;[37m-->&amp#27;[39m &amp#27;[37mPOST&amp#27;[39m &amp#27;[37m/wd/hub/session/64888050-4b31-4213-966a-71ff6308435f/element/cb9f0c92-3d48-47d4-9278-f8cbf8db62e8/click&amp#27;[39m
&amp#27;[35m[HTTP]&amp#27;[39m &amp#27;[90m{"id":"cb9f0c92-3d48-47d4-9278-f8cbf8db62e8"}&amp#27;[39m
[debug] &amp#27;[35m[W3C (64888050)]&amp#27;[39m Calling AppiumDriver.click() with args: ["cb9f0c92-3d48-47d4-9278-f8cbf8db62e8","64888050-4b31-4213-966a-71ff6308435f"]
[debug] &amp#27;[35m[WD Proxy]&amp#27;[39m Matched '/element/cb9f0c92-3d48-47d4-9278-f8cbf8db62e8/click' to command name 'click'
[debug] &amp#27;[35m[WD Proxy]&amp#27;[39m Proxying [POST /element/cb9f0c92-3d48-47d4-9278-f8cbf8db62e8/click] to [POST http://127.0.0.1:8208/wd/hub/session/25941aa1-3f6e-4dc4-90f3-f8cf02d9ddc1/element/cb9f0c92-3d48-47d4-9278-f8cbf8db62e8/click] with body: {"element":"cb9f0c92-3d48-47d4-9278-f8cbf8db62e8"}
[debug] &amp#27;[35m[WD Proxy]&amp#27;[39m Got response with status 200: {"sessionId":"25941aa1-3f6e-4dc4-90f3-f8cf02d9ddc1","value":null}
[debug] &amp#27;[35m[W3C (64888050)]&amp#27;[39m Responding to client with driver.click() result: null
&amp#27;[35m[HTTP]&amp#27;[39m &amp#27;[37m<-- POST /wd/hub/session/64888050-4b31-4213-966a-71ff6308435f/element/cb9f0c92-3d48-47d4-9278-f8cbf8db62e8/click &amp#27;[39m&amp#27;[32m200&amp#27;[39m &amp#27;[90m52 ms - 14&amp#27;[39m
&amp#27;[35m[HTTP]&amp#27;[39m &amp#27;[90m&amp#27;[39m
&amp#27;[35m[HTTP]&amp#27;[39m &amp#27;[37m-->&amp#27;[39m &amp#27;[37mGET&amp#27;[39m &amp#27;[37m/wd/hub/session/64888050-4b31-4213-966a-71ff6308435f/context&amp#27;[39m
&amp#27;[35m[HTTP]&amp#27;[39m &amp#27;[90m{}&amp#27;[39m
[debug] &amp#27;[35m[W3C (64888050)]&amp#27;[39m Calling AppiumDriver.getCurrentContext() with args: ["64888050-4b31-4213-966a-71ff6308435f"]
[debug] &amp#27;[35m[W3C (64888050)]&amp#27;[39m Responding to client with driver.getCurrentContext() result: "NATIVE_APP"
&amp#27;[35m[HTTP]&amp#27;[39m &amp#27;[37m<-- GET /wd/hub/session/64888050-4b31-4213-966a-71ff6308435f/context &amp#27;[39m&amp#27;[32m200&amp#27;[39m &amp#27;[90m1 ms - 22&amp#27;[39m
&amp#27;[35m[HTTP]&amp#27;[39m &amp#27;[90m&amp#27;[39m
&amp#27;[35m[HTTP]&amp#27;[39m &amp#27;[37m-->&amp#27;[39m &amp#27;[37mPOST&amp#27;[39m &amp#27;[37m/wd/hub/session/64888050-4b31-4213-966a-71ff6308435f/elements&amp#27;[39m
&amp#27;[35m[HTTP]&amp#27;[39m &amp#27;[90m{"using":"id","value":"com.androidsample.generalstore:id/productPrice"}&amp#27;[39m
[debug] &amp#27;[35m[W3C (64888050)]&amp#27;[39m Calling AppiumDriver.findElements() with args: ["id","com.androidsample.generalstore:id/productPrice","64888050-4b31-4213-966a-71ff6308435f"]
[debug] &amp#27;[35m[BaseDriver]&amp#27;[39m Valid locator strategies for this request: xpath, id, class name, accessibility id, -android uiautomator
[debug] &amp#27;[35m[BaseDriver]&amp#27;[39m Waiting up to 10000 ms for condition
[debug] &amp#27;[35m[WD Proxy]&amp#27;[39m Matched '/elements' to command name 'findElements'
[debug] &amp#27;[35m[WD Proxy]&amp#27;[39m Proxying [POST /elements] to [POST http://127.0.0.1:8208/wd/hub/session/25941aa1-3f6e-4dc4-90f3-f8cf02d9ddc1/elements] with body: {"strategy":"id","selector":"com.androidsample.generalstore:id/productPrice","context":"","multiple":true}
[debug] &amp#27;[35m[WD Proxy]&amp#27;[39m Got response with status 200: {"sessionId":"25941aa1-3f6e-4dc4-90f3-f8cf02d9ddc1","value":[{"ELEMENT":"526b724e-62c2-4f44-ad43-d5ca2ee5c209","element-6066-11e4-a52e-4f735466cecf":"526b724e-62c2-4f44-ad43-d5ca2ee5c209"},{"ELEMENT":"6cc77a1d-e246-4b6f-9dc6-14a16a56530a","element-6066-11e4-a52e-4f735466cecf":"6cc77a1d-e246-4b6f-9dc6-14a16a56530a"}]}
[debug] &amp#27;[35m[W3C (64888050)]&amp#27;[39m Responding to client with driver.findElements() result: [{"element-6066-11e4-a52e-4f735466cecf":"526b724e-62c2-4f44-ad43-d5ca2ee5c209","ELEMENT":"526b724e-62c2-4f44-ad43-d5ca2ee5c209"},{"element-6066-11e4-a52e-4f735466cecf":"6cc77a1d-e246-4b6f-9dc6-14a16a56530a","ELEMENT":"6cc77a1d-e246-4b6f-9dc6-14a16a56530a"}]
&amp#27;[35m[HTTP]&amp#27;[39m &amp#27;[37m<-- POST /wd/hub/session/64888050-4b31-4213-966a-71ff6308435f/elements &amp#27;[39m&amp#27;[32m200&amp#27;[39m &amp#27;[90m22 ms - 267&amp#27;[39m
&amp#27;[35m[HTTP]&amp#27;[39m &amp#27;[90m&amp#27;[39m
&amp#27;[35m[HTTP]&amp#27;[39m &amp#27;[37m-->&amp#27;[39m &amp#27;[37mGET&amp#27;[39m &amp#27;[37m/wd/hub/session/64888050-4b31-4213-966a-71ff6308435f/context&amp#27;[39m
&amp#27;[35m[HTTP]&amp#27;[39m &amp#27;[90m{}&amp#27;[39m
[debug] &amp#27;[35m[W3C (64888050)]&amp#27;[39m Calling AppiumDriver.getCurrentContext() with args: ["64888050-4b31-4213-966a-71ff6308435f"]
[debug] &amp#27;[35m[W3C (64888050)]&amp#27;[39m Responding to client with driver.getCurrentContext() result: "NATIVE_APP"
&amp#27;[35m[HTTP]&amp#27;[39m &amp#27;[37m<-- GET /wd/hub/session/64888050-4b31-4213-966a-71ff6308435f/context &amp#27;[39m&amp#27;[32m200&amp#27;[39m &amp#27;[90m2 ms - 22&amp#27;[39m
&amp#27;[35m[HTTP]&amp#27;[39m &amp#27;[90m&amp#27;[39m
&amp#27;[35m[HTTP]&amp#27;[39m &amp#27;[37m-->&amp#27;[39m &amp#27;[37mPOST&amp#27;[39m &amp#27;[37m/wd/hub/session/64888050-4b31-4213-966a-71ff6308435f/elements&amp#27;[39m
&amp#27;[35m[HTTP]&amp#27;[39m &amp#27;[90m{"using":"id","value":"com.androidsample.generalstore:id/productPrice"}&amp#27;[39m
[debug] &amp#27;[35m[W3C (64888050)]&amp#27;[39m Calling AppiumDriver.findElements() with args: ["id","com.androidsample.generalstore:id/productPrice","64888050-4b31-4213-966a-71ff6308435f"]
[debug] &amp#27;[35m[BaseDriver]&amp#27;[39m Valid locator strategies for this request: xpath, id, class name, accessibility id, -android uiautomator
[...]
[debug] &amp#27;[35m[W3C (c39301ae)]&amp#27;[39m Calling AppiumDriver.findElement() with args: ["xpath","//android.widget.TextView[@text='3. Preference dependencies']","c39301ae-5f1b-4cb0-a41d-7cbb34e20aaf"]
[debug] &amp#27;[35m[BaseDriver]&amp#27;[39m Valid locator strategies for this request: xpath, id, class name, accessibility id, -android uiautomator
[debug] &amp#27;[35m[BaseDriver]&amp#27;[39m Waiting up to 10000 ms for condition
[debug] &amp#27;[35m[WD Proxy]&amp#27;[39m Matched '/element' to command name 'findElement'
[debug] &amp#27;[35m[WD Proxy]&amp#27;[39m Proxying [POST /element] to [POST http://127.0.0.1:8210/wd/hub/session/ff4af590-c74d-4387-a27d-79a5c0380827/element] with body: {"strategy":"xpath","selector":"//android.widget.TextView[@text='3. Preference dependencies']","context":"","multiple":false}
[debug] &amp#27;[35m[WD Proxy]&amp#27;[39m Got response with status 200: {"sessionId":"ff4af590-c74d-4387-a27d-79a5c0380827","value":{"ELEMENT":"9dbb6493-6645-470e-8221-5350ba4a2a17","element-6066-11e4-a52e-4f735466cecf":"9dbb6493-6645-470e-8221-5350ba4a2a17"}}
[debug] &amp#27;[35m[W3C (c39301ae)]&amp#27;[39m Responding to client with driver.findElement() result: {"element-6066-11e4-a52e-4f735466cecf":"9dbb6493-6645-470e-8221-5350ba4a2a17","ELEMENT":"9dbb6493-6645-470e-8221-5350ba4a2a17"}
&amp#27;[35m[HTTP]&amp#27;[39m &amp#27;[37m<-- POST /wd/hub/session/c39301ae-5f1b-4cb0-a41d-7cbb34e20aaf/element &amp#27;[39m&amp#27;[32m200&amp#27;[39m &amp#27;[90m117 ms - 137&amp#27;[39m
&amp#27;[35m[HTTP]&amp#27;[39m &amp#27;[90m&amp#27;[39m
&amp#27;[35m[HTTP]&amp#27;[39m &amp#27;[37m-->&amp#27;[39m &amp#27;[37mPOST&amp#27;[39m &amp#27;[37m/wd/hub/session/c39301ae-5f1b-4cb0-a41d-7cbb34e20aaf/element/9dbb6493-6645-470e-8221-5350ba4a2a17/click&amp#27;[39m
&amp#27;[35m[HTTP]&amp#27;[39m &amp#27;[90m{"id":"9dbb6493-6645-470e-8221-5350ba4a2a17"}&amp#27;[39m
[debug] &amp#27;[35m[W3C (c39301ae)]&amp#27;[39m Calling AppiumDriver.click() with args: ["9dbb6493-6645-470e-8221-5350ba4a2a17","c39301ae-5f1b-4cb0-a41d-7cbb34e20aaf"]
[debug] &amp#27;[35m[WD Proxy]&amp#27;[39m Matched '/element/9dbb6493-6645-470e-8221-5350ba4a2a17/click' to command name 'click'
[debug] &amp#27;[35m[WD Proxy]&amp#27;[39m Proxying [POST /element/9dbb6493-6645-470e-8221-5350ba4a2a17/click] to [POST http://127.0.0.1:8210/wd/hub/session/ff4af590-c74d-4387-a27d-79a5c0380827/element/9dbb6493-6645-470e-8221-5350ba4a2a17/click] with body: {"element":"9dbb6493-6645-470e-8221-5350ba4a2a17"}
[debug] &amp#27;[35m[WD Proxy]&amp#27;[39m Got response with status 200: {"sessionId":"ff4af590-c74d-4387-a27d-79a5c0380827","value":null}
[debug] &amp#27;[35m[W3C (c39301ae)]&amp#27;[39m Responding to client with driver.click() result: null
&amp#27;[35m[HTTP]&amp#27;[39m &amp#27;[37m<-- POST /wd/hub/session/c39301ae-5f1b-4cb0-a41d-7cbb34e20aaf/element/9dbb6493-6645-470e-8221-5350ba4a2a17/click &amp#27;[39m&amp#27;[32m200&amp#27;[39m &amp#27;[90m1026 ms - 14&amp#27;[39m
&amp#27;[35m[HTTP]&amp#27;[39m &amp#27;[90m&amp#27;[39m
&amp#27;[35m[HTTP]&amp#27;[39m &amp#27;[37m-->&amp#27;[39m &amp#27;[37mGET&amp#27;[39m &amp#27;[37m/wd/hub/session/c39301ae-5f1b-4cb0-a41d-7cbb34e20aaf/context&amp#27;[39m
&amp#27;[35m[HTTP]&amp#27;[39m &amp#27;[90m{}&amp#27;[39m
[debug] &amp#27;[35m[W3C (c39301ae)]&amp#27;[39m Calling AppiumDriver.getCurrentContext() with args: ["c39301ae-5f1b-4cb0-a41d-7cbb34e20aaf"]
[debug] &amp#27;[35m[W3C (c39301ae)]&amp#27;[39m Responding to client with driver.getCurrentContext() result: "NATIVE_APP"
&amp#27;[35m[HTTP]&amp#27;[39m &amp#27;[37m<-- GET /wd/hub/session/c39301ae-5f1b-4cb0-a41d-7cbb34e20aaf/context &amp#27;[39m&amp#27;[32m200&amp#27;[39m &amp#27;[90m1 ms - 22&amp#27;[39m
&amp#27;[35m[HTTP]&amp#27;[39m &amp#27;[90m&amp#27;[39m
&amp#27;[35m[HTTP]&amp#27;[39m &amp#27;[37m-->&amp#27;[39m &amp#27;[37mPOST&amp#27;[39m &amp#27;[37m/wd/hub/session/c39301ae-5f1b-4cb0-a41d-7cbb34e20aaf/element&amp#27;[39m
&amp#27;[35m[HTTP]&amp#27;[39m &amp#27;[90m{"using":"id","value":"android:id/checkbox"}&amp#27;[39m
[debug] &amp#27;[35m[W3C (c39301ae)]&amp#27;[39m Calling AppiumDriver.findElement() with args: ["id","android:id/checkbox","c39301ae-5f1b-4cb0-a41d-7cbb34e20aaf"]
[debug] &amp#27;[35m[BaseDriver]&amp#27;[39m Valid locator strategies for this request: xpath, id, class name, accessibility id, -android uiautomator
[debug] &amp#27;[35m[BaseDriver]&amp#27;[39m Waiting up to 10000 ms for condition
[debug] &amp#27;[35m[WD Proxy]&amp#27;[39m Matched '/element' to command name 'findElement'
[debug] &amp#27;[35m[WD Proxy]&amp#27;[39m Proxying [POST /element] to [POST http://127.0.0.1:8210/wd/hub/session/ff4af590-c74d-4387-a27d-79a5c0380827/element] with body: {"strategy":"id","selector":"android:id/checkbox","context":"","multiple":false}
[debug] &amp#27;[35m[WD Proxy]&amp#27;[39m Got response with status 200: {"sessionId":"ff4af590-c74d-4387-a27d-79a5c0380827","value":{"ELEMENT":"b50d0cbb-19c8-4caa-96b2-8877bb14d103","element-6066-11e4-a52e-4f735466cecf":"b50d0cbb-19c8-4caa-96b2-8877bb14d103"}}
[debug] &amp#27;[35m[W3C (c39301ae)]&amp#27;[39m Responding to client with driver.findElement() result: {"element-6066-11e4-a52e-4f735466cecf":"b50d0cbb-19c8-4caa-96b2-8877bb14d103","ELEMENT":"b50d0cbb-19c8-4caa-96b2-8877bb14d103"}
&amp#27;[35m[HTTP]&amp#27;[39m &amp#27;[37m<-- POST /wd/hub/session/c39301ae-5f1b-4cb0-a41d-7cbb34e20aaf/element &amp#27;[39m&amp#27;[32m200&amp#27;[39m &amp#27;[90m30 ms - 137&amp#27;[39m
&amp#27;[35m[HTTP]&amp#27;[39m &amp#27;[90m&amp#27;[39m
&amp#27;[35m[HTTP]&amp#27;[39m &amp#27;[37m-->&amp#27;[39m &amp#27;[37mPOST&amp#27;[39m &amp#27;[37m/wd/hub/session/c39301ae-5f1b-4cb0-a41d-7cbb34e20aaf/element/b50d0cbb-19c8-4caa-96b2-8877bb14d103/click&amp#27;[39m
&amp#27;[35m[HTTP]&amp#27;[39m &amp#27;[90m{"id":"b50d0cbb-19c8-4caa-96b2-8877bb14d103"}&amp#27;[39m
[debug] &amp#27;[35m[W3C (c39301ae)]&amp#27;[39m Calling AppiumDriver.click() with args: ["b50d0cbb-19c8-4caa-96b2-8877bb14d103","c39301ae-5f1b-4cb0-a41d-7cbb34e20aaf"]
[debug] &amp#27;[35m[WD Proxy]&amp#27;[39m Matched '/element/b50d0cbb-19c8-4caa-96b2-8877bb14d103/click' to command name 'click'
[debug] &amp#27;[35m[WD Proxy]&amp#27;[39m Proxying [POST /element/b50d0cbb-19c8-4caa-96b2-8877bb14d103/click] to [POST http://127.0.0.1:8210/wd/hub/session/ff4af590-c74d-4387-a27d-79a5c0380827/element/b50d0cbb-19c8-4caa-96b2-8877bb14d103/click] with body: {"element":"b50d0cbb-19c8-4caa-96b2-8877bb14d103"}
[debug] &amp#27;[35m[WD Proxy]&amp#27;[39m Got response with status 200: {"sessionId":"ff4af590-c74d-4387-a27d-79a5c0380827","value":null}
[debug] &amp#27;[35m[W3C (c39301ae)]&amp#27;[39m Responding to client with driver.click() result: null
&amp#27;[35m[HTTP]&amp#27;[39m &amp#27;[37m<-- POST /wd/hub/session/c39301ae-5f1b-4cb0-a41d-7cbb34e20aaf/element/b50d0cbb-19c8-4caa-96b2-8877bb14d103/click &amp#27;[39m&amp#27;[32m200&amp#27;[39m &amp#27;[90m710 ms - 14&amp#27;[39m
&amp#27;[35m[HTTP]&amp#27;[39m &amp#27;[90m&amp#27;[39m
&amp#27;[35m[HTTP]&amp#27;[39m &amp#27;[37m-->&amp#27;[39m &amp#27;[37mGET&amp#27;[39m &amp#27;[37m/wd/hub/session/c39301ae-5f1b-4cb0-a41d-7cbb34e20aaf/context&amp#27;[39m
&amp#27;[35m[HTTP]&amp#27;[39m &amp#27;[90m{}&amp#27;[39m
[debug] &amp#27;[35m[W3C (c39301ae)]&amp#27;[39m Calling AppiumDriver.getCurrentContext() with args: ["c39301ae-5f1b-4cb0-a41d-7cbb34e20aaf"]
[debug] &amp#27;[35m[W3C (c39301ae)]&amp#27;[39m Responding to client with driver.getCurrentContext() result: "NATIVE_APP"
&amp#27;[35m[HTTP]&amp#27;[39m &amp#27;[37m<-- GET /wd/hub/session/c39301ae-5f1b-4cb0-a41d-7cbb34e20aaf/context &amp#27;[39m&amp#27;[32m200&amp#27;[39m &amp#27;[90m2 ms - 22&amp#27;[39m
&amp#27;[35m[HTTP]&amp#27;[39m &amp#27;[90m&amp#27;[39m
&amp#27;[35m[HTTP]&amp#27;[39m &amp#27;[37m-->&amp#27;[39m &amp#27;[37mPOST&amp#27;[39m &amp#27;[37m/wd/hub/session/c39301ae-5f1b-4cb0-a41d-7cbb34e20aaf/element&amp#27;[39m
&amp#27;[35m[HTTP]&amp#27;[39m &amp#27;[90m{"using":"xpath","value":"(//android.widget.RelativeLayout)[2]"}&amp#27;[39m
[debug] &amp#27;[35m[W3C (c39301ae)]&amp#27;[39m Calling AppiumDriver.findElement() with args: ["xpath","(//android.widget.RelativeLayout)[2]","c39301ae-5f1b-4cb0-a41d-7cbb34e20aaf"]
[debug] &amp#27;[35m[BaseDriver]&amp#27;[39m Valid locator strategies for this request: xpath, id, class name, accessibility id, -android uiautomator
[debug] &amp#27;[35m[BaseDriver]&amp#27;[39m Waiting up to 10000 ms for condition
[debug] &amp#27;[35m[WD Proxy]&amp#27;[39m Matched '/element' to command name 'findElement'
[debug] &amp#27;[35m[WD Proxy]&amp#27;[39m Proxying [POST /element] to [POST http://127.0.0.1:8210/wd/hub/session/ff4af590-c74d-4387-a27d-79a5c0380827/element] with body: {"strategy":"xpath","selector":"(//android.widget.RelativeLayout)[2]","context":"","multiple":false}
[debug] &amp#27;[35m[WD Proxy]&amp#27;[39m Got response with status 200: {"sessionId":"ff4af590-c74d-4387-a27d-79a5c0380827","value":{"ELEMENT":"c4a56325-e493-4766-bd77-6537ee5bdc79","element-6066-11e4-a52e-4f735466cecf":"c4a56325-e493-4766-bd77-6537ee5bdc79"}}
[debug] &amp#27;[35m[W3C (c39301ae)]&amp#27;[39m Responding to client with driver.findElement() result: {"element-6066-11e4-a52e-4f735466cecf":"c4a56325-e493-4766-bd77-6537ee5bdc79","ELEMENT":"c4a56325-e493-4766-bd77-6537ee5bdc79"}
&amp#27;[35m[HTTP]&amp#27;[39m &amp#27;[37m<-- POST /wd/hub/session/c39301ae-5f1b-4cb0-a41d-7cbb34e20aaf/element &amp#27;[39m&amp#27;[32m200&amp#27;[39m &amp#27;[90m118 ms - 137&amp#27;[39m
&amp#27;[35m[HTTP]&amp#27;[39m &amp#27;[90m&amp#27;[39m
&amp#27;[35m[HTTP]&amp#27;[39m &amp#27;[37m-->&amp#27;[39m &amp#27;[37mPOST&amp#27;[39m &amp#27;[37m/wd/hub/session/c39301ae-5f1b-4cb0-a41d-7cbb34e20aaf/element/c4a56325-e493-4766-bd77-6537ee5bdc79/click&amp#27;[39m
&amp#27;[35m[HTTP]&amp#27;[39m &amp#27;[90m{"id":"c4a56325-e493-4766-bd77-6537ee5bdc79"}&amp#27;[39m
[debug] &amp#27;[35m[W3C (c39301ae)]&amp#27;[39m Calling AppiumDriver.click() with args: ["c4a56325-e493-4766-bd77-6537ee5bdc79","c39301ae-5f1b-4cb0-a41d-7cbb34e20aaf"]
[debug] &amp#27;[35m[WD Proxy]&amp#27;[39m Matched '/element/c4a56325-e493-4766-bd77-6537ee5bdc79/click' to command name 'click'
[debug] &amp#27;[35m[WD Proxy]&amp#27;[39m Proxying [POST /element/c4a56325-e493-4766-bd77-6537ee5bdc79/click] to [POST http://127.0.0.1:8210/wd/hub/session/ff4af590-c74d-4387-a27d-79a5c0380827/element/c4a56325-e493-4766-bd77-6537ee5bdc79/click] with body: {"element":"c4a56325-e493-4766-bd77-6537ee5bdc79"}
[debug] &amp#27;[35m[WD Proxy]&amp#27;[39m Got response with status 200: {"sessionId":"ff4af590-c74d-4387-a27d-79a5c0380827","value":null}
[debug] &amp#27;[35m[W3C (c39301ae)]&amp#27;[39m Responding to client with driver.click() result: null
&amp#27;[35m[HTTP]&amp#27;[39m &amp#27;[37m<-- POST /wd/hub/session/c39301ae-5f1b-4cb0-a41d-7cbb34e20aaf/element/c4a56325-e493-4766-bd77-6537ee5bdc79/click &amp#27;[39m&amp#27;[32m200&amp#27;[39m &amp#27;[90m1774 ms - 14&amp#27;[39m
&amp#27;[35m[HTTP]&amp#27;[39m &amp#27;[90m&amp#27;[39m
&amp#27;[35m[HTTP]&amp#27;[39m &amp#27;[37m-->&amp#27;[39m &amp#27;[37mGET&amp#27;[39m &amp#27;[37m/wd/hub/session/c39301ae-5f1b-4cb0-a41d-7cbb34e20aaf/context&amp#27;[39m
&amp#27;[35m[HTTP]&amp#27;[39m &amp#27;[90m{}&amp#27;[39m
[debug] &amp#27;[35m[W3C (c39301ae)]&amp#27;[39m Calling AppiumDriver.getCurrentContext() with args: ["c39301ae-5f1b-4cb0-a41d-7cbb34e20aaf"]
[debug] &amp#27;[35m[W3C (c39301ae)]&amp#27;[39m Responding to client with driver.getCurrentContext() result: "NATIVE_APP"
&amp#27;[35m[HTTP]&amp#27;[39m &amp#27;[37m<-- GET /wd/hub/session/c39301ae-5f1b-4cb0-a41d-7cbb34e20aaf/context &amp#27;[39m&amp#27;[32m200&amp#27;[39m &amp#27;[90m3 ms - 22&amp#27;[39m
&amp#27;[35m[HTTP]&amp#27;[39m &amp#27;[90m&amp#27;[39m
&amp#27;[35m[HTTP]&amp#27;[39m &amp#27;[37m-->&amp#27;[39m &amp#27;[37mPOST&amp#27;[39m &amp#27;[37m/wd/hub/session/c39301ae-5f1b-4cb0-a41d-7cbb34e20aaf/element&amp#27;[39m
&amp#27;[35m[HTTP]&amp#27;[39m &amp#27;[90m{"using":"class name","value":"android.widget.EditText"}&amp#27;[39m
[debug] &amp#27;[35m[W3C (c39301ae)]&amp#27;[39m Calling AppiumDriver.findElement() with args: ["class name","android.widget.EditText","c39301ae-5f1b-4cb0-a41d-7cbb34e20aaf"]
[debug] &amp#27;[35m[BaseDriver]&amp#27;[39m Valid locator strategies for this request: xpath, id, class name, accessibility id, -android uiautomator
[debug] &amp#27;[35m[BaseDriver]&amp#27;[39m Waiting up to 10000 ms for condition
[debug] &amp#27;[35m[WD Proxy]&amp#27;[39m Matched '/element' to command name 'findElement'
[debug] &amp#27;[35m[WD Proxy]&amp#27;[39m Proxying [POST /element] to [POST http://127.0.0.1:8210/wd/hub/session/ff4af590-c74d-4387-a27d-79a5c0380827/element] with body: {"strategy":"class name","selector":"android.widget.EditText","context":"","multiple":false}
[debug] &amp#27;[35m[WD Proxy]&amp#27;[39m Got response with status 200: {"sessionId":"ff4af590-c74d-4387-a27d-79a5c0380827","value":{"ELEMENT":"51ba5051-a324-4fbd-90ef-5bfbadbc9c55","element-6066-11e4-a52e-4f735466cecf":"51ba5051-a324-4fbd-90ef-5bfbadbc9c55"}}
[debug] &amp#27;[35m[W3C (c39301ae)]&amp#27;[39m Responding to client with driver.findElement() result: {"element-6066-11e4-a52e-4f735466cecf":"51ba5051-a324-4fbd-90ef-5bfbadbc9c55","ELEMENT":"51ba5051-a324-4fbd-90ef-5bfbadbc9c55"}
&amp#27;[35m[HTTP]&amp#27;[39m &amp#27;[37m<-- POST /wd/hub/session/c39301ae-5f1b-4cb0-a41d-7cbb34e20aaf/element &amp#27;[39m&amp#27;[32m200&amp#27;[39m &amp#27;[90m35 ms - 137&amp#27;[39m
&amp#27;[35m[HTTP]&amp#27;[39m &amp#27;[90m&amp#27;[39m
&amp#27;[35m[HTTP]&amp#27;[39m &amp#27;[37m-->&amp#27;[39m &amp#27;[37mPOST&amp#27;[39m &amp#27;[37m/wd/hub/session/c39301ae-5f1b-4cb0-a41d-7cbb34e20aaf/element/51ba5051-a324-4fbd-90ef-5bfbadbc9c55/value&amp#27;[39m
&amp#27;[35m[HTTP]&amp#27;[39m &amp#27;[90m{"id":"51ba5051-a324-4fbd-90ef-5bfbadbc9c55","text":"Hello@1990","value":["H","e","l","l","o","@","1","9","9","0"]}&amp#27;[39m
[debug] &amp#27;[35m[W3C (c39301ae)]&amp#27;[39m Calling AppiumDriver.setValue() with args: [["H","e","l","l","o","@","1","9","9","0"],"51ba5051-a324-4fbd-90ef-5bfbadbc9c55","c39301ae-5f1b-4cb0-a41d-7cbb34e20aaf"]
[debug] &amp#27;[35m[WD Proxy]&amp#27;[39m Matched '/element/51ba5051-a324-4fbd-90ef-5bfbadbc9c55/value' to command name 'setValue'
[debug] &amp#27;[35m[Protocol Converter]&amp#27;[39m Added 'value' property ["H","e","l","l","o","@","1","9","9","0"] to 'setValue' request body
[debug] &amp#27;[35m[WD Proxy]&amp#27;[39m Proxying [POST /element/51ba5051-a324-4fbd-90ef-5bfbadbc9c55/value] to [POST http://127.0.0.1:8210/wd/hub/session/ff4af590-c74d-4387-a27d-79a5c0380827/element/51ba5051-a324-4fbd-90ef-5bfbadbc9c55/value] with body: {"elementId":"51ba5051-a324-4fbd-90ef-5bfbadbc9c55","text":"Hello@1990","replace":false,"value":["H","e","l","l","o","@","1","9","9","0"]}
[debug] &amp#27;[35m[WD Proxy]&amp#27;[39m Got response with status 200: {"sessionId":"ff4af590-c74d-4387-a27d-79a5c0380827","value":null}
[debug] &amp#27;[35m[W3C (c39301ae)]&amp#27;[39m Responding to client with driver.setValue() result: null
&amp#27;[35m[HTTP]&amp#27;[39m &amp#27;[37m<-- POST /wd/hub/session/c39301ae-5f1b-4cb0-a41d-7cbb34e20aaf/element/51ba5051-a324-4fbd-90ef-5bfbadbc9c55/value &amp#27;[39m&amp#27;[32m200&amp#27;[39m &amp#27;[90m104 ms - 14&amp#27;[39m
&amp#27;[35m[HTTP]&amp#27;[39m &amp#27;[90m&amp#27;[39m
&amp#27;[35m[HTTP]&amp#27;[39m &amp#27;[37m-->&amp#27;[39m &amp#27;[37mGET&amp#27;[39m &amp#27;[37m/wd/hub/session/c39301ae-5f1b-4cb0-a41d-7cbb34e20aaf/context&amp#27;[39m
&amp#27;[35m[HTTP]&amp#27;[39m &amp#27;[90m{}&amp#27;[39m
[debug] &amp#27;[35m[W3C (c39301ae)]&amp#27;[39m Calling AppiumDriver.getCurrentContext() with args: ["c39301ae-5f1b-4cb0-a41d-7cbb34e20aaf"]
[debug] &amp#27;[35m[W3C (c39301ae)]&amp#27;[39m Responding to client with driver.getCurrentContext() result: "NATIVE_APP"
&amp#27;[35m[HTTP]&amp#27;[39m &amp#27;[37m<-- GET /wd/hub/session/c39301ae-5f1b-4cb0-a41d-7cbb34e20aaf/context &amp#27;[39m&amp#27;[32m200&amp#27;[39m &amp#27;[90m1 ms - 22&amp#27;[39m
&amp#27;[35m[HTTP]&amp#27;[39m &amp#27;[90m&amp#27;[39m
&amp#27;[35m[HTTP]&amp#27;[39m &amp#27;[37m-->&amp#27;[39m &amp#27;[37mPOST&amp#27;[39m &amp#27;[37m/wd/hub/session/c39301ae-5f1b-4cb0-a41d-7cbb34e20aaf/elements&amp#27;[39m
&amp#27;[35m[HTTP]&amp#27;[39m &amp#27;[90m{"using":"xpath","value":"//android.widget.Button"}&amp#27;[39m
[debug] &amp#27;[35m[W3C (c39301ae)]&amp#27;[39m Calling AppiumDriver.findElements() with args: ["xpath","//android.widget.Button","c39301ae-5f1b-4cb0-a41d-7cbb34e20aaf"]
[debug] &amp#27;[35m[BaseDriver]&amp#27;[39m Valid locator strategies for this request: xpath, id, class name, accessibility id, -android uiautomator
[debug] &amp#27;[35m[BaseDriver]&amp#27;[39m Waiting up to 10000 ms for condition
[debug] &amp#27;[35m[WD Proxy]&amp#27;[39m Matched '/elements' to command name 'findElements'
[debug] &amp#27;[35m[WD Proxy]&amp#27;[39m Proxying [POST /elements] to [POST http://127.0.0.1:8210/wd/hub/session/ff4af590-c74d-4387-a27d-79a5c0380827/elements] with body: {"strategy":"xpath","selector":"//android.widget.Button","context":"","multiple":true}
[debug] &amp#27;[35m[WD Proxy]&amp#27;[39m Got response with status 200: {"sessionId":"ff4af590-c74d-4387-a27d-79a5c0380827","value":[{"ELEMENT":"444e760f-def2-4794-b9d7-ab7a67c2ee4f","element-6066-11e4-a52e-4f735466cecf":"444e760f-def2-4794-b9d7-ab7a67c2ee4f"},{"ELEMENT":"4657b34a-5024-49fb-b13c-9f868f1a80fa","element-6066-11e4-a52e-4f735466cecf":"4657b34a-5024-49fb-b13c-9f868f1a80fa"}]}
[debug] &amp#27;[35m[W3C (c39301ae)]&amp#27;[39m Responding to client with driver.findElements() result: [{"element-6066-11e4-a52e-4f735466cecf":"444e760f-def2-4794-b9d7-ab7a67c2ee4f","ELEMENT":"444e760f-def2-4794-b9d7-ab7a67c2ee4f"},{"element-6066-11e4-a52e-4f735466cecf":"4657b34a-5024-49fb-b13c-9f868f1a80fa","ELEMENT":"4657b34a-5024-49fb-b13c-9f868f1a80fa"}]
&amp#27;[35m[HTTP]&amp#27;[39m &amp#27;[37m<-- POST /wd/hub/session/c39301ae-5f1b-4cb0-a41d-7cbb34e20aaf/elements &amp#27;[39m&amp#27;[32m200&amp#27;[39m &amp#27;[90m706 ms - 267&amp#27;[39m
&amp#27;[35m[HTTP]&amp#27;[39m &amp#27;[90m&amp#27;[39m
&amp#27;[35m[HTTP]&amp#27;[39m &amp#27;[37m-->&amp#27;[39m &amp#27;[37mPOST&amp#27;[39m &amp#27;[37m/wd/hub/session/c39301ae-5f1b-4cb0-a41d-7cbb34e20aaf/element/4657b34a-5024-49fb-b13c-9f868f1a80fa/click&amp#27;[39m
&amp#27;[35m[HTTP]&amp#27;[39m &amp#27;[90m{"id":"4657b34a-5024-49fb-b13c-9f868f1a80fa"}&amp#27;[39m
[debug] &amp#27;[35m[W3C (c39301ae)]&amp#27;[39m Calling AppiumDriver.click() with args: ["4657b34a-5024-49fb-b13c-9f868f1a80fa","c39301ae-5f1b-4cb0-a41d-7cbb34e20aaf"]
[debug] &amp#27;[35m[WD Proxy]&amp#27;[39m Matched '/element/4657b34a-5024-49fb-b13c-9f868f1a80fa/click' to command name 'click'
[debug] &amp#27;[35m[WD Proxy]&amp#27;[39m Proxying [POST /element/4657b34a-5024-49fb-b13c-9f868f1a80fa/click] to [POST http://127.0.0.1:8210/wd/hub/session/ff4af590-c74d-4387-a27d-79a5c0380827/element/4657b34a-5024-49fb-b13c-9f868f1a80fa/click] with body: {"element":"4657b34a-5024-49fb-b13c-9f868f1a80fa"}
[debug] &amp#27;[35m[WD Proxy]&amp#27;[39m Got response with status 200: {"sessionId":"ff4af590-c74d-4387-a27d-79a5c0380827","value":null}
[debug] &amp#27;[35m[W3C (c39301ae)]&amp#27;[39m Responding to client with driver.click() result: null
&amp#27;[35m[HTTP]&amp#27;[39m &amp#27;[37m<-- POST /wd/hub/session/c39301ae-5f1b-4cb0-a41d-7cbb34e20aaf/element/4657b34a-5024-49fb-b13c-9f868f1a80fa/click &amp#27;[39m&amp#27;[32m200&amp#27;[39m &amp#27;[90m76 ms - 14&amp#27;[39m
&amp#27;[35m[HTTP]&amp#27;[39m &amp#27;[90m&amp#27;[39m
]]></system-out>
    <system-err><![CDATA[Sep 25, 2020 3:39:11 PM io.appium.java_client.remote.AppiumCommandExecutor$1 lambda$0
INFO: Detected dialect: W3C
]]></system-err>
  </testcase>
</testsuite>