<?xml version="1.0" encoding="UTF-8"?>
<testng-results skipped="0" failed="0" ignored="0" total="3" passed="3">
  <reporter-output>
  </reporter-output>
  <suite name="Suite" duration-ms="94044" started-at="2020-09-25T15:37:45 EDT" finished-at="2020-09-25T15:39:19 EDT">
    <groups>
    </groups>
    <test name="Test" duration-ms="94044" started-at="2020-09-25T15:37:45 EDT" finished-at="2020-09-25T15:39:19 EDT">
      <class name="MavenTutorial.AppiumFramework.ApiDemosTest">
        <test-method status="PASS" signature="ApiDemos(java.lang.String)[pri:0, instance:MavenTutorial.AppiumFramework.ApiDemosTest@27a8c74e]" name="ApiDemos" duration-ms="23224" started-at="2020-09-25T15:38:31 EDT" data-provider="InputData" finished-at="2020-09-25T15:38:54 EDT">
          <params>
            <param index="0">
              <value>
                <![CDATA[Hello]]>
              </value>
            </param>
          </params>
          <reporter-output>
          </reporter-output>
        </test-method> <!-- ApiDemos -->
        <test-method status="PASS" signature="ApiDemos(java.lang.String)[pri:0, instance:MavenTutorial.AppiumFramework.ApiDemosTest@27a8c74e]" name="ApiDemos" duration-ms="24102" started-at="2020-09-25T15:38:54 EDT" data-provider="InputData" finished-at="2020-09-25T15:39:19 EDT">
          <params>
            <param index="0">
              <value>
                <![CDATA[Hello@1990]]>
              </value>
            </param>
          </params>
          <reporter-output>
          </reporter-output>
        </test-method> <!-- ApiDemos -->
      </class> <!-- MavenTutorial.AppiumFramework.ApiDemosTest -->
      <class name="MavenTutorial.AppiumFramework.EcommerceTest">
        <test-method status="PASS" signature="killAllNodes()[pri:0, instance:MavenTutorial.AppiumFramework.EcommerceTest@33f88ab]" name="killAllNodes" is-config="true" duration-ms="3015" started-at="2020-09-25T15:37:45 EDT" finished-at="2020-09-25T15:37:48 EDT">
          <reporter-output>
          </reporter-output>
        </test-method> <!-- killAllNodes -->
        <test-method status="PASS" signature="totalValidation()[pri:0, instance:MavenTutorial.AppiumFramework.EcommerceTest@33f88ab]" name="totalValidation" duration-ms="43659" started-at="2020-09-25T15:37:48 EDT" finished-at="2020-09-25T15:38:31 EDT">
          <reporter-output>
          </reporter-output>
        </test-method> <!-- totalValidation -->
      </class> <!-- MavenTutorial.AppiumFramework.EcommerceTest -->
    </test> <!-- Test -->
  </suite> <!-- Suite -->
</testng-results>
