<?xml version="1.0" encoding="UTF-8"?>
<testng-results skipped="0" failed="0" ignored="0" total="3" passed="3">
  <reporter-output>
  </reporter-output>
  <suite name="Suite" duration-ms="101390" started-at="2020-09-25T15:17:15 EDT" finished-at="2020-09-25T15:18:56 EDT">
    <groups>
    </groups>
    <test name="Test" duration-ms="101390" started-at="2020-09-25T15:17:15 EDT" finished-at="2020-09-25T15:18:56 EDT">
      <class name="MavenTutorial.AppiumFramework.ApiDemosTest">
        <test-method status="PASS" signature="ApiDemos(java.lang.String)[pri:0, instance:MavenTutorial.AppiumFramework.ApiDemosTest@12cdcf4]" name="ApiDemos" duration-ms="24701" started-at="2020-09-25T15:18:05 EDT" data-provider="InputData" finished-at="2020-09-25T15:18:30 EDT">
          <params>
            <param index="0">
              <value>
                <![CDATA[Hello]]>
              </value>
            </param>
          </params>
          <reporter-output>
          </reporter-output>
        </test-method> <!-- ApiDemos -->
        <test-method status="PASS" signature="ApiDemos(java.lang.String)[pri:0, instance:MavenTutorial.AppiumFramework.ApiDemosTest@12cdcf4]" name="ApiDemos" duration-ms="26729" started-at="2020-09-25T15:18:30 EDT" data-provider="InputData" finished-at="2020-09-25T15:18:56 EDT">
          <params>
            <param index="0">
              <value>
                <![CDATA[Hello@1990]]>
              </value>
            </param>
          </params>
          <reporter-output>
          </reporter-output>
        </test-method> <!-- ApiDemos -->
      </class> <!-- MavenTutorial.AppiumFramework.ApiDemosTest -->
      <class name="MavenTutorial.AppiumFramework.EcommerceTest">
        <test-method status="PASS" signature="killAllNodes()[pri:0, instance:MavenTutorial.AppiumFramework.EcommerceTest@25af5db5]" name="killAllNodes" is-config="true" duration-ms="3041" started-at="2020-09-25T15:17:15 EDT" finished-at="2020-09-25T15:17:18 EDT">
          <reporter-output>
          </reporter-output>
        </test-method> <!-- killAllNodes -->
        <test-method status="PASS" signature="totalValidation()[pri:0, instance:MavenTutorial.AppiumFramework.EcommerceTest@25af5db5]" name="totalValidation" duration-ms="46834" started-at="2020-09-25T15:17:18 EDT" finished-at="2020-09-25T15:18:05 EDT">
          <reporter-output>
          </reporter-output>
        </test-method> <!-- totalValidation -->
      </class> <!-- MavenTutorial.AppiumFramework.EcommerceTest -->
    </test> <!-- Test -->
  </suite> <!-- Suite -->
</testng-results>
